-- The C compiler identification is GNU 7.5.0
-- The CXX compiler identification is GNU 7.5.0
-- Check for working C compiler: /usr/lib/ccache/cc
-- Check for working C compiler: /usr/lib/ccache/cc -- works
-- Detecting C compiler ABI info
-- Detecting C compiler ABI info - done
-- Detecting C compile features
-- Detecting C compile features - done
-- Check for working CXX compiler: /usr/lib/ccache/c++
-- Check for working CXX compiler: /usr/lib/ccache/c++ -- works
-- Detecting CXX compiler ABI info
-- Detecting CXX compiler ABI info - done
-- Detecting CXX compile features
-- Detecting CXX compile features - done
-- Found ament_cmake: 0.7.6 (/opt/ros/dashing/share/ament_cmake/cmake)
-- Found PythonInterp: /usr/bin/python3 (found suitable version "3.6.9", minimum required is "3") 
-- Using PYTHON_EXECUTABLE: /usr/bin/python3
-- Found rclcpp: 0.7.16 (/opt/ros/dashing/share/rclcpp/cmake)
-- Found rosidl_adapter: 0.7.10 (/opt/ros/dashing/share/rosidl_adapter/cmake)
-- Found rmw_implementation_cmake: 0.7.2 (/opt/ros/dashing/share/rmw_implementation_cmake/cmake)
-- Using RMW implementation 'rmw_fastrtps_cpp' as default
-- Looking for pthread.h
-- Looking for pthread.h - found
-- Looking for pthread_create
-- Looking for pthread_create - not found
-- Looking for pthread_create in pthreads
-- Looking for pthread_create in pthreads - not found
-- Looking for pthread_create in pthread
-- Looking for pthread_create in pthread - found
-- Found Threads: TRUE  
-- Found px4_msgs: 2.0.1 (/src/shared/ros_packages/install/px4_msgs/share/px4_msgs/cmake)
-- Found std_msgs: 0.7.1 (/opt/ros/dashing/share/std_msgs/cmake)
-- Found gazebo_msgs: 3.3.5 (/opt/ros/dashing/share/gazebo_msgs/cmake)
-- Found rclpy: 0.7.11 (/opt/ros/dashing/share/rclpy/cmake)
-- Found ament_lint_auto: 0.7.12 (/opt/ros/dashing/share/ament_lint_auto/cmake)
-- Added test 'copyright' to check for copyright in CMake / C / C++ / Python code
-- Added test 'cppcheck' to perform static code analysis on C / C++ code
-- Configured cppcheck include dirs: 
-- Added test 'cpplint' to check C / C++ code against the Google style
-- Added test 'flake8' to check Python code syntax and style conventions
-- Added test 'lint_cmake' to check CMake code style
-- Added test 'pep257' to check Python code against some of the style conventions in PEP 257
-- Added test 'uncrustify' to check C / C++ code style
-- Added test 'xmllint' to check XML markup files
-- Configuring done
-- Generating done
-- Build files have been written to: /src/shared/ros_packages/build/px4_ros_extended
[35m[1mScanning dependencies of target env[0m
[35m[1mScanning dependencies of target baseline_prec_land[0m
[ 50%] [32mBuilding CXX object CMakeFiles/env.dir/src_cpp/env.cpp.o[0m
[ 50%] [32mBuilding CXX object CMakeFiles/baseline_prec_land.dir/src_cpp/baseline_prec_land.cpp.o[0m
[ 75%] [32m[1mLinking CXX executable baseline_prec_land[0m
[ 75%] Built target baseline_prec_land
[100%] [32m[1mLinking CXX executable env[0m
[100%] Built target env
[ 75%] Built target baseline_prec_land
[100%] Built target env
[36mInstall the project...[0m
-- Install configuration: ""
-- Installing: /src/shared/ros_packages/install/px4_ros_extended/share/px4_ros_extended/environment/pythonpath.sh
-- Installing: /src/shared/ros_packages/install/px4_ros_extended/lib/python3.6/site-packages/src_py
-- Installing: /src/shared/ros_packages/install/px4_ros_extended/lib/python3.6/site-packages/src_py/DDPG
-- Installing: /src/shared/ros_packages/install/px4_ros_extended/lib/python3.6/site-packages/src_py/DDPG/__init__.py
-- Installing: /src/shared/ros_packages/install/px4_ros_extended/lib/python3.6/site-packages/src_py/DDPG/utils.py
-- Installing: /src/shared/ros_packages/install/px4_ros_extended/lib/python3.6/site-packages/src_py/DDPG/models.py
-- Installing: /src/shared/ros_packages/install/px4_ros_extended/lib/python3.6/site-packages/src_py/DDPG/memory.py
-- Installing: /src/shared/ros_packages/install/px4_ros_extended/lib/python3.6/site-packages/src_py/DDPG/ddpg.py
-- Installing: /src/shared/ros_packages/install/px4_ros_extended/lib/python3.6/site-packages/src_py/env_wrapper.py
-- Installing: /src/shared/ros_packages/install/px4_ros_extended/lib/python3.6/site-packages/src_py/gazebo_runner.py
-- Installing: /src/shared/ros_packages/install/px4_ros_extended/lib/python3.6/site-packages/src_py/__init__.py
-- Installing: /src/shared/ros_packages/install/px4_ros_extended/lib/python3.6/site-packages/src_py/params.yaml
-- Installing: /src/shared/ros_packages/install/px4_ros_extended/lib/python3.6/site-packages/src_py/rewards.py
-- Installing: /src/shared/ros_packages/install/px4_ros_extended/lib/python3.6/site-packages/src_py/test_ddpg_agent.py
-- Installing: /src/shared/ros_packages/install/px4_ros_extended/lib/python3.6/site-packages/src_py/test_env_wrapper.py
-- Installing: /src/shared/ros_packages/install/px4_ros_extended/lib/python3.6/site-packages/src_py/ddpg_agent.py
Listing '/src/shared/ros_packages/install/px4_ros_extended/lib/python3.6/site-packages/src_py'...
Listing '/src/shared/ros_packages/install/px4_ros_extended/lib/python3.6/site-packages/src_py/DDPG'...
Compiling '/src/shared/ros_packages/install/px4_ros_extended/lib/python3.6/site-packages/src_py/DDPG/__init__.py'...
Compiling '/src/shared/ros_packages/install/px4_ros_extended/lib/python3.6/site-packages/src_py/DDPG/ddpg.py'...
Compiling '/src/shared/ros_packages/install/px4_ros_extended/lib/python3.6/site-packages/src_py/DDPG/memory.py'...
Compiling '/src/shared/ros_packages/install/px4_ros_extended/lib/python3.6/site-packages/src_py/DDPG/models.py'...
Compiling '/src/shared/ros_packages/install/px4_ros_extended/lib/python3.6/site-packages/src_py/DDPG/utils.py'...
Compiling '/src/shared/ros_packages/install/px4_ros_extended/lib/python3.6/site-packages/src_py/__init__.py'...
Compiling '/src/shared/ros_packages/install/px4_ros_extended/lib/python3.6/site-packages/src_py/ddpg_agent.py'...
Compiling '/src/shared/ros_packages/install/px4_ros_extended/lib/python3.6/site-packages/src_py/env_wrapper.py'...
Compiling '/src/shared/ros_packages/install/px4_ros_extended/lib/python3.6/site-packages/src_py/gazebo_runner.py'...
Compiling '/src/shared/ros_packages/install/px4_ros_extended/lib/python3.6/site-packages/src_py/rewards.py'...
Compiling '/src/shared/ros_packages/install/px4_ros_extended/lib/python3.6/site-packages/src_py/test_ddpg_agent.py'...
Compiling '/src/shared/ros_packages/install/px4_ros_extended/lib/python3.6/site-packages/src_py/test_env_wrapper.py'...
-- Installing: /src/shared/ros_packages/install/px4_ros_extended/lib/px4_ros_extended/env
-- Set runtime path of "/src/shared/ros_packages/install/px4_ros_extended/lib/px4_ros_extended/env" to ""
-- Installing: /src/shared/ros_packages/install/px4_ros_extended/lib/px4_ros_extended/baseline_prec_land
-- Set runtime path of "/src/shared/ros_packages/install/px4_ros_extended/lib/px4_ros_extended/baseline_prec_land" to ""
-- Installing: /src/shared/ros_packages/install/px4_ros_extended/lib/px4_ros_extended/env_wrapper.py
-- Installing: /src/shared/ros_packages/install/px4_ros_extended/lib/px4_ros_extended/ddpg_agent.py
-- Installing: /src/shared/ros_packages/install/px4_ros_extended/lib/px4_ros_extended/test_ddpg_agent.py
-- Installing: /src/shared/ros_packages/install/px4_ros_extended/lib/px4_ros_extended/gazebo_runner.py
-- Installing: /src/shared/ros_packages/install/px4_ros_extended/lib/px4_ros_extended/test_env_wrapper.py
-- Installing: /src/shared/ros_packages/install/px4_ros_extended/share/px4_ros_extended/launch
-- Installing: /src/shared/ros_packages/install/px4_ros_extended/share/px4_ros_extended/launch/env_train.launch.py
-- Installing: /src/shared/ros_packages/install/px4_ros_extended/share/px4_ros_extended/launch/env.launch.py
-- Installing: /src/shared/ros_packages/install/px4_ros_extended/share/ament_index/resource_index/package_run_dependencies/px4_ros_extended
-- Installing: /src/shared/ros_packages/install/px4_ros_extended/share/ament_index/resource_index/parent_prefix_path/px4_ros_extended
-- Installing: /src/shared/ros_packages/install/px4_ros_extended/share/px4_ros_extended/environment/ament_prefix_path.sh
-- Installing: /src/shared/ros_packages/install/px4_ros_extended/share/px4_ros_extended/environment/path.sh
-- Installing: /src/shared/ros_packages/install/px4_ros_extended/share/px4_ros_extended/local_setup.bash
-- Installing: /src/shared/ros_packages/install/px4_ros_extended/share/px4_ros_extended/local_setup.sh
-- Installing: /src/shared/ros_packages/install/px4_ros_extended/share/px4_ros_extended/local_setup.zsh
-- Installing: /src/shared/ros_packages/install/px4_ros_extended/share/ament_index/resource_index/packages/px4_ros_extended
-- Installing: /src/shared/ros_packages/install/px4_ros_extended/share/px4_ros_extended/cmake/px4_ros_extendedConfig.cmake
-- Installing: /src/shared/ros_packages/install/px4_ros_extended/share/px4_ros_extended/cmake/px4_ros_extendedConfig-version.cmake
-- Installing: /src/shared/ros_packages/install/px4_ros_extended/share/px4_ros_extended/package.xml
