[0.023s] Invoking command in '/src/shared/ros_packages/build/px4_ros_com': CMAKE_PREFIX_PATH=/src/shared/ros_packages/install/px4_msgs:/src/shared/ros_packages/install/px4_ros_extended:/src/shared/ros_packages/install/px4_ros_com:/opt/ros/dashing LD_LIBRARY_PATH=/src/shared/ros_packages/install/px4_msgs/lib:/src/shared/ros_packages/install/px4_ros_com/lib:/usr/lib/x86_64-linux-gnu/gazebo-9/plugins:/opt/ros/dashing/opt/yaml_cpp_vendor/lib:/opt/ros/dashing/opt/rviz_ogre_vendor/lib:/opt/ros/dashing/lib PYTHONPATH=/src/shared/ros_packages/install/px4_msgs/lib/python3.6/site-packages:/src/shared/ros_packages/install/px4_ros_extended/lib/python3.6/site-packages:/opt/ros/dashing/lib/python3.6/site-packages /usr/bin/cmake --build /src/shared/ros_packages/build/px4_ros_com -- -j12 -l12
[0.120s] [  2%] Built target debug_vect_advertiser
[0.121s] [  4%] Built target vehicle_gps_position_listener
[0.121s] [  6%] Built target offboard_control
[0.125s] [  8%] Built target sensor_combined_listener
[0.131s] [ 10%] Built target frame_transforms
[0.178s] [100%] Built target micrortps_agent
[0.191s] Invoked command in '/src/shared/ros_packages/build/px4_ros_com' returned '0': CMAKE_PREFIX_PATH=/src/shared/ros_packages/install/px4_msgs:/src/shared/ros_packages/install/px4_ros_extended:/src/shared/ros_packages/install/px4_ros_com:/opt/ros/dashing LD_LIBRARY_PATH=/src/shared/ros_packages/install/px4_msgs/lib:/src/shared/ros_packages/install/px4_ros_com/lib:/usr/lib/x86_64-linux-gnu/gazebo-9/plugins:/opt/ros/dashing/opt/yaml_cpp_vendor/lib:/opt/ros/dashing/opt/rviz_ogre_vendor/lib:/opt/ros/dashing/lib PYTHONPATH=/src/shared/ros_packages/install/px4_msgs/lib/python3.6/site-packages:/src/shared/ros_packages/install/px4_ros_extended/lib/python3.6/site-packages:/opt/ros/dashing/lib/python3.6/site-packages /usr/bin/cmake --build /src/shared/ros_packages/build/px4_ros_com -- -j12 -l12
[0.564s] Invoking command in '/src/shared/ros_packages/build/px4_ros_com': CMAKE_PREFIX_PATH=/src/shared/ros_packages/install/px4_msgs:/src/shared/ros_packages/install/px4_ros_extended:/src/shared/ros_packages/install/px4_ros_com:/opt/ros/dashing LD_LIBRARY_PATH=/src/shared/ros_packages/install/px4_msgs/lib:/src/shared/ros_packages/install/px4_ros_com/lib:/usr/lib/x86_64-linux-gnu/gazebo-9/plugins:/opt/ros/dashing/opt/yaml_cpp_vendor/lib:/opt/ros/dashing/opt/rviz_ogre_vendor/lib:/opt/ros/dashing/lib PYTHONPATH=/src/shared/ros_packages/install/px4_msgs/lib/python3.6/site-packages:/src/shared/ros_packages/install/px4_ros_extended/lib/python3.6/site-packages:/opt/ros/dashing/lib/python3.6/site-packages /usr/bin/cmake --build /src/shared/ros_packages/build/px4_ros_com --target install -- -j12 -l12
[0.679s] [  4%] Built target debug_vect_advertiser
[0.679s] [  4%] Built target offboard_control
[0.679s] [  6%] Built target sensor_combined_listener
[0.679s] [  8%] Built target vehicle_gps_position_listener
[0.679s] [ 10%] Built target frame_transforms
[0.725s] [100%] Built target micrortps_agent
[0.744s] [36mInstall the project...[0m
[0.753s] -- Install configuration: ""
[0.753s] -- Execute custom install script
[0.754s] -- Up-to-date symlink: /src/shared/ros_packages/install/px4_ros_com/lib/px4_ros_com/sensor_combined_listener
[0.754s] -- Up-to-date symlink: /src/shared/ros_packages/install/px4_ros_com/lib/px4_ros_com/vehicle_gps_position_listener
[0.754s] -- Up-to-date symlink: /src/shared/ros_packages/install/px4_ros_com/lib/px4_ros_com/debug_vect_advertiser
[0.755s] -- Up-to-date symlink: /src/shared/ros_packages/install/px4_ros_com/lib/px4_ros_com/offboard_control
[0.755s] -- Up-to-date symlink: /src/shared/ros_packages/install/px4_ros_com/share/px4_ros_com/environment/library_path.sh
[0.755s] -- Up-to-date symlink: /src/shared/ros_packages/install/px4_ros_com/include/px4_ros_com/frame_transforms.h
[0.756s] -- Up-to-date symlink: /src/shared/ros_packages/install/px4_ros_com/share/px4_ros_com/cmake/EnableC++XX.cmake
[0.756s] -- Up-to-date symlink: /src/shared/ros_packages/install/px4_ros_com/share/px4_ros_com/cmake/EnableSanitizers.cmake
[0.756s] -- Up-to-date symlink: /src/shared/ros_packages/install/px4_ros_com/share/px4_ros_com/cmake/GenerateMicroRTPSAgent.cmake
[0.757s] -- Up-to-date symlink: /src/shared/ros_packages/install/px4_ros_com/share/px4_ros_com/launch/sensor_combined_listener.launch.py
[0.757s] -- Up-to-date symlink: /src/shared/ros_packages/install/px4_ros_com/share/px4_ros_com/test/__init__.py
[0.757s] -- Up-to-date symlink: /src/shared/ros_packages/install/px4_ros_com/share/px4_ros_com/test/pipeline_io_test.py
[0.757s] -- Up-to-date symlink: /src/shared/ros_packages/install/px4_ros_com/share/px4_ros_com/test/test_input.py
[0.758s] -- Up-to-date symlink: /src/shared/ros_packages/install/px4_ros_com/share/px4_ros_com/test/test_output.py
[0.758s] -- Up-to-date symlink: /src/shared/ros_packages/install/px4_ros_com/share/ament_index/resource_index/package_run_dependencies/px4_ros_com
[0.758s] -- Up-to-date symlink: /src/shared/ros_packages/install/px4_ros_com/share/ament_index/resource_index/parent_prefix_path/px4_ros_com
[0.758s] -- Up-to-date symlink: /src/shared/ros_packages/install/px4_ros_com/share/px4_ros_com/environment/ament_prefix_path.sh
[0.759s] -- Up-to-date symlink: /src/shared/ros_packages/install/px4_ros_com/share/px4_ros_com/environment/path.sh
[0.759s] -- Up-to-date symlink: /src/shared/ros_packages/install/px4_ros_com/share/px4_ros_com/local_setup.bash
[0.759s] -- Up-to-date symlink: /src/shared/ros_packages/install/px4_ros_com/share/px4_ros_com/local_setup.sh
[0.760s] -- Up-to-date symlink: /src/shared/ros_packages/install/px4_ros_com/share/px4_ros_com/local_setup.zsh
[0.760s] -- Up-to-date symlink: /src/shared/ros_packages/install/px4_ros_com/share/ament_index/resource_index/packages/px4_ros_com
[0.760s] -- Up-to-date symlink: /src/shared/ros_packages/install/px4_ros_com/share/px4_ros_com/cmake/ament_cmake_export_dependencies-extras.cmake
[0.760s] -- Up-to-date symlink: /src/shared/ros_packages/install/px4_ros_com/share/px4_ros_com/cmake/ament_cmake_export_interfaces-extras.cmake
[0.760s] -- Up-to-date symlink: /src/shared/ros_packages/install/px4_ros_com/share/px4_ros_com/cmake/ament_cmake_export_include_directories-extras.cmake
[0.761s] -- Up-to-date symlink: /src/shared/ros_packages/install/px4_ros_com/share/px4_ros_com/cmake/ament_cmake_export_libraries-extras.cmake
[0.761s] -- Up-to-date symlink: /src/shared/ros_packages/install/px4_ros_com/share/px4_ros_com/cmake/px4_ros_comConfig.cmake
[0.761s] -- Up-to-date symlink: /src/shared/ros_packages/install/px4_ros_com/share/px4_ros_com/cmake/px4_ros_comConfig-version.cmake
[0.761s] -- Up-to-date symlink: /src/shared/ros_packages/install/px4_ros_com/share/px4_ros_com/package.xml
[0.762s] -- Up-to-date: /src/shared/ros_packages/install/px4_ros_com/lib/libframe_transforms.so
[0.762s] -- Up-to-date: /src/shared/ros_packages/install/px4_ros_com/bin/micrortps_agent
[0.762s] -- Up-to-date: /src/shared/ros_packages/install/px4_ros_com/share/px4_ros_com/cmake/export_frame_transformsExport.cmake
[0.762s] -- Up-to-date: /src/shared/ros_packages/install/px4_ros_com/share/px4_ros_com/cmake/export_frame_transformsExport-noconfig.cmake
[0.766s] Invoked command in '/src/shared/ros_packages/build/px4_ros_com' returned '0': CMAKE_PREFIX_PATH=/src/shared/ros_packages/install/px4_msgs:/src/shared/ros_packages/install/px4_ros_extended:/src/shared/ros_packages/install/px4_ros_com:/opt/ros/dashing LD_LIBRARY_PATH=/src/shared/ros_packages/install/px4_msgs/lib:/src/shared/ros_packages/install/px4_ros_com/lib:/usr/lib/x86_64-linux-gnu/gazebo-9/plugins:/opt/ros/dashing/opt/yaml_cpp_vendor/lib:/opt/ros/dashing/opt/rviz_ogre_vendor/lib:/opt/ros/dashing/lib PYTHONPATH=/src/shared/ros_packages/install/px4_msgs/lib/python3.6/site-packages:/src/shared/ros_packages/install/px4_ros_extended/lib/python3.6/site-packages:/opt/ros/dashing/lib/python3.6/site-packages /usr/bin/cmake --build /src/shared/ros_packages/build/px4_ros_com --target install -- -j12 -l12
