[0.283s] DEBUG:colcon:Command line arguments: ['/usr/bin/colcon', 'build', '--symlink-install']
[0.284s] DEBUG:colcon:Parsed command line arguments: Namespace(allow_overriding=[], ament_cmake_args=None, base_paths=['.'], build_base='build', catkin_cmake_args=None, catkin_skip_building_tests=False, cmake_args=None, cmake_clean_cache=False, cmake_clean_first=False, cmake_force_configure=False, cmake_target=None, cmake_target_skip_unavailable=False, continue_on_error=False, event_handlers=None, executor='parallel', ignore_user_meta=False, install_base='install', log_base=None, log_level=None, main=<bound method BuildVerb.main of <colcon_core.verb.build.BuildVerb object at 0x7f774c36f9e8>>, merge_install=False, metas=['./colcon.meta'], mixin=None, mixin_files=None, mixin_verb=('build',), packages_above=None, packages_above_and_dependencies=None, packages_above_depth=None, packages_end=None, packages_ignore=None, packages_ignore_regex=None, packages_select=None, packages_select_build_failed=False, packages_select_by_dep=None, packages_select_regex=None, packages_select_test_failures=False, packages_skip=None, packages_skip_build_finished=False, packages_skip_by_dep=None, packages_skip_regex=None, packages_skip_test_passed=False, packages_skip_up_to=None, packages_start=None, packages_up_to=None, packages_up_to_regex=None, parallel_workers=12, paths=None, symlink_install=True, test_result_base=None, verb_extension=<colcon_core.verb.build.BuildVerb object at 0x7f774c36f9e8>, verb_name='build', verb_parser=<colcon_mixin.mixin.mixin_argument.MixinArgumentDecorator object at 0x7f774bdd87b8>)
[0.299s] Level 1:colcon.colcon_core.package_discovery:discover_packages(colcon_meta) check parameters
[0.300s] INFO:colcon.colcon_metadata.package_discovery.colcon_meta:Using configuration from '/root/.colcon/metadata/default/Gazebo.meta'
[0.300s] INFO:colcon.colcon_metadata.package_discovery.colcon_meta:Using configuration from '/root/.colcon/metadata/default/fastrtps.meta'
[0.300s] Level 1:colcon.colcon_core.package_discovery:discover_packages(recursive) check parameters
[0.300s] Level 1:colcon.colcon_core.package_discovery:discover_packages(ignore) check parameters
[0.301s] Level 1:colcon.colcon_core.package_discovery:discover_packages(path) check parameters
[0.301s] Level 1:colcon.colcon_core.package_discovery:discover_packages(colcon_meta) discover
[0.301s] Level 1:colcon.colcon_core.package_discovery:discover_packages(recursive) discover
[0.301s] INFO:colcon.colcon_core.package_discovery:Crawling recursively for packages in '/src/shared/ros_packages'
[0.301s] Level 1:colcon.colcon_core.package_identification:_identify(.) by extensions ['ignore', 'ignore_ament_install']
[0.301s] Level 1:colcon.colcon_core.package_identification:_identify(.) by extension 'ignore'
[0.301s] Level 1:colcon.colcon_core.package_identification:_identify(.) by extension 'ignore_ament_install'
[0.301s] Level 1:colcon.colcon_core.package_identification:_identify(.) by extensions ['colcon_pkg']
[0.301s] Level 1:colcon.colcon_core.package_identification:_identify(.) by extension 'colcon_pkg'
[0.301s] Level 1:colcon.colcon_core.package_identification:_identify(.) by extensions ['colcon_meta']
[0.301s] Level 1:colcon.colcon_core.package_identification:_identify(.) by extension 'colcon_meta'
[0.301s] Level 1:colcon.colcon_core.package_identification:_identify(.) by extensions ['ros']
[0.301s] Level 1:colcon.colcon_core.package_identification:_identify(.) by extension 'ros'
[0.330s] Level 1:colcon.colcon_core.package_identification:_identify(.) by extensions ['cmake', 'python']
[0.330s] Level 1:colcon.colcon_core.package_identification:_identify(.) by extension 'cmake'
[0.330s] Level 1:colcon.colcon_core.package_identification:_identify(.) by extension 'python'
[0.330s] Level 1:colcon.colcon_core.package_identification:_identify(.) by extensions ['python_setup_py']
[0.330s] Level 1:colcon.colcon_core.package_identification:_identify(.) by extension 'python_setup_py'
[0.330s] Level 1:colcon.colcon_core.package_identification:_identify(build) by extensions ['ignore', 'ignore_ament_install']
[0.331s] Level 1:colcon.colcon_core.package_identification:_identify(build) by extension 'ignore'
[0.331s] Level 1:colcon.colcon_core.package_identification:_identify(build) ignored
[0.331s] Level 1:colcon.colcon_core.package_identification:_identify(install) by extensions ['ignore', 'ignore_ament_install']
[0.331s] Level 1:colcon.colcon_core.package_identification:_identify(install) by extension 'ignore'
[0.331s] Level 1:colcon.colcon_core.package_identification:_identify(install) ignored
[0.331s] Level 1:colcon.colcon_core.package_identification:_identify(log) by extensions ['ignore', 'ignore_ament_install']
[0.331s] Level 1:colcon.colcon_core.package_identification:_identify(log) by extension 'ignore'
[0.331s] Level 1:colcon.colcon_core.package_identification:_identify(log) ignored
[0.331s] Level 1:colcon.colcon_core.package_identification:_identify(px4_msgs) by extensions ['ignore', 'ignore_ament_install']
[0.331s] Level 1:colcon.colcon_core.package_identification:_identify(px4_msgs) by extension 'ignore'
[0.331s] Level 1:colcon.colcon_core.package_identification:_identify(px4_msgs) by extension 'ignore_ament_install'
[0.331s] Level 1:colcon.colcon_core.package_identification:_identify(px4_msgs) by extensions ['colcon_pkg']
[0.331s] Level 1:colcon.colcon_core.package_identification:_identify(px4_msgs) by extension 'colcon_pkg'
[0.331s] Level 1:colcon.colcon_core.package_identification:_identify(px4_msgs) by extensions ['colcon_meta']
[0.331s] Level 1:colcon.colcon_core.package_identification:_identify(px4_msgs) by extension 'colcon_meta'
[0.331s] Level 1:colcon.colcon_core.package_identification:_identify(px4_msgs) by extensions ['ros']
[0.332s] Level 1:colcon.colcon_core.package_identification:_identify(px4_msgs) by extension 'ros'
[0.333s] DEBUG:colcon.colcon_core.package_identification:Package 'px4_msgs' with type 'ros.ament_cmake' and name 'px4_msgs'
[0.334s] Level 1:colcon.colcon_core.package_identification:_identify(px4_ros_com) by extensions ['ignore', 'ignore_ament_install']
[0.334s] Level 1:colcon.colcon_core.package_identification:_identify(px4_ros_com) by extension 'ignore'
[0.334s] Level 1:colcon.colcon_core.package_identification:_identify(px4_ros_com) by extension 'ignore_ament_install'
[0.334s] Level 1:colcon.colcon_core.package_identification:_identify(px4_ros_com) by extensions ['colcon_pkg']
[0.334s] Level 1:colcon.colcon_core.package_identification:_identify(px4_ros_com) by extension 'colcon_pkg'
[0.334s] Level 1:colcon.colcon_core.package_identification:_identify(px4_ros_com) by extensions ['colcon_meta']
[0.334s] Level 1:colcon.colcon_core.package_identification:_identify(px4_ros_com) by extension 'colcon_meta'
[0.334s] Level 1:colcon.colcon_core.package_identification:_identify(px4_ros_com) by extensions ['ros']
[0.334s] Level 1:colcon.colcon_core.package_identification:_identify(px4_ros_com) by extension 'ros'
[0.335s] DEBUG:colcon.colcon_core.package_identification:Package 'px4_ros_com' with type 'ros.ament_cmake' and name 'px4_ros_com'
[0.335s] Level 1:colcon.colcon_core.package_identification:_identify(px4_ros_extended) by extensions ['ignore', 'ignore_ament_install']
[0.335s] Level 1:colcon.colcon_core.package_identification:_identify(px4_ros_extended) by extension 'ignore'
[0.335s] Level 1:colcon.colcon_core.package_identification:_identify(px4_ros_extended) by extension 'ignore_ament_install'
[0.335s] Level 1:colcon.colcon_core.package_identification:_identify(px4_ros_extended) by extensions ['colcon_pkg']
[0.335s] Level 1:colcon.colcon_core.package_identification:_identify(px4_ros_extended) by extension 'colcon_pkg'
[0.335s] Level 1:colcon.colcon_core.package_identification:_identify(px4_ros_extended) by extensions ['colcon_meta']
[0.335s] Level 1:colcon.colcon_core.package_identification:_identify(px4_ros_extended) by extension 'colcon_meta'
[0.335s] Level 1:colcon.colcon_core.package_identification:_identify(px4_ros_extended) by extensions ['ros']
[0.335s] Level 1:colcon.colcon_core.package_identification:_identify(px4_ros_extended) by extension 'ros'
[0.336s] DEBUG:colcon.colcon_core.package_identification:Package 'px4_ros_extended' with type 'ros.ament_cmake' and name 'px4_ros_extended'
[0.336s] Level 1:colcon.colcon_core.package_discovery:discover_packages(recursive) using defaults
[0.336s] Level 1:colcon.colcon_core.package_discovery:discover_packages(ignore) discover
[0.336s] Level 1:colcon.colcon_core.package_discovery:discover_packages(ignore) using defaults
[0.336s] Level 1:colcon.colcon_core.package_discovery:discover_packages(path) discover
[0.336s] Level 1:colcon.colcon_core.package_discovery:discover_packages(path) using defaults
[0.351s] Level 1:colcon.colcon_core.package_discovery:discover_packages(prefix_path) check parameters
[0.352s] Level 1:colcon.colcon_core.package_discovery:discover_packages(prefix_path) discover
[0.353s] DEBUG:colcon.colcon_installed_package_information.package_discovery:Found 3 installed packages in /src/shared/ros_packages/install
[0.355s] DEBUG:colcon.colcon_installed_package_information.package_discovery:Found 230 installed packages in /opt/ros/dashing
[0.356s] Level 1:colcon.colcon_core.package_discovery:discover_packages(prefix_path) using defaults
[0.406s] Level 5:colcon.colcon_core.verb:set package 'px4_msgs' build argument 'cmake_args' from command line to 'None'
[0.406s] Level 5:colcon.colcon_core.verb:set package 'px4_msgs' build argument 'cmake_target' from command line to 'None'
[0.406s] Level 5:colcon.colcon_core.verb:set package 'px4_msgs' build argument 'cmake_target_skip_unavailable' from command line to 'False'
[0.407s] Level 5:colcon.colcon_core.verb:set package 'px4_msgs' build argument 'cmake_clean_cache' from command line to 'False'
[0.407s] Level 5:colcon.colcon_core.verb:set package 'px4_msgs' build argument 'cmake_clean_first' from command line to 'False'
[0.407s] Level 5:colcon.colcon_core.verb:set package 'px4_msgs' build argument 'cmake_force_configure' from command line to 'False'
[0.407s] Level 5:colcon.colcon_core.verb:set package 'px4_msgs' build argument 'ament_cmake_args' from command line to 'None'
[0.407s] Level 5:colcon.colcon_core.verb:set package 'px4_msgs' build argument 'catkin_cmake_args' from command line to 'None'
[0.407s] Level 5:colcon.colcon_core.verb:set package 'px4_msgs' build argument 'catkin_skip_building_tests' from command line to 'False'
[0.407s] DEBUG:colcon.colcon_core.verb:Building package 'px4_msgs' with the following arguments: {'ament_cmake_args': None, 'build_base': '/src/shared/ros_packages/build/px4_msgs', 'catkin_cmake_args': None, 'catkin_skip_building_tests': False, 'cmake_args': None, 'cmake_clean_cache': False, 'cmake_clean_first': False, 'cmake_force_configure': False, 'cmake_target': None, 'cmake_target_skip_unavailable': False, 'install_base': '/src/shared/ros_packages/install/px4_msgs', 'merge_install': False, 'path': '/src/shared/ros_packages/px4_msgs', 'symlink_install': True, 'test_result_base': None}
[0.407s] Level 5:colcon.colcon_core.verb:set package 'px4_ros_com' build argument 'cmake_args' from command line to 'None'
[0.407s] Level 5:colcon.colcon_core.verb:set package 'px4_ros_com' build argument 'cmake_target' from command line to 'None'
[0.407s] Level 5:colcon.colcon_core.verb:set package 'px4_ros_com' build argument 'cmake_target_skip_unavailable' from command line to 'False'
[0.407s] Level 5:colcon.colcon_core.verb:set package 'px4_ros_com' build argument 'cmake_clean_cache' from command line to 'False'
[0.407s] Level 5:colcon.colcon_core.verb:set package 'px4_ros_com' build argument 'cmake_clean_first' from command line to 'False'
[0.407s] Level 5:colcon.colcon_core.verb:set package 'px4_ros_com' build argument 'cmake_force_configure' from command line to 'False'
[0.407s] Level 5:colcon.colcon_core.verb:set package 'px4_ros_com' build argument 'ament_cmake_args' from command line to 'None'
[0.407s] Level 5:colcon.colcon_core.verb:set package 'px4_ros_com' build argument 'catkin_cmake_args' from command line to 'None'
[0.407s] Level 5:colcon.colcon_core.verb:set package 'px4_ros_com' build argument 'catkin_skip_building_tests' from command line to 'False'
[0.407s] DEBUG:colcon.colcon_core.verb:Building package 'px4_ros_com' with the following arguments: {'ament_cmake_args': None, 'build_base': '/src/shared/ros_packages/build/px4_ros_com', 'catkin_cmake_args': None, 'catkin_skip_building_tests': False, 'cmake_args': None, 'cmake_clean_cache': False, 'cmake_clean_first': False, 'cmake_force_configure': False, 'cmake_target': None, 'cmake_target_skip_unavailable': False, 'install_base': '/src/shared/ros_packages/install/px4_ros_com', 'merge_install': False, 'path': '/src/shared/ros_packages/px4_ros_com', 'symlink_install': True, 'test_result_base': None}
[0.408s] Level 5:colcon.colcon_core.verb:set package 'px4_ros_extended' build argument 'cmake_args' from command line to 'None'
[0.408s] Level 5:colcon.colcon_core.verb:set package 'px4_ros_extended' build argument 'cmake_target' from command line to 'None'
[0.408s] Level 5:colcon.colcon_core.verb:set package 'px4_ros_extended' build argument 'cmake_target_skip_unavailable' from command line to 'False'
[0.408s] Level 5:colcon.colcon_core.verb:set package 'px4_ros_extended' build argument 'cmake_clean_cache' from command line to 'False'
[0.408s] Level 5:colcon.colcon_core.verb:set package 'px4_ros_extended' build argument 'cmake_clean_first' from command line to 'False'
[0.408s] Level 5:colcon.colcon_core.verb:set package 'px4_ros_extended' build argument 'cmake_force_configure' from command line to 'False'
[0.408s] Level 5:colcon.colcon_core.verb:set package 'px4_ros_extended' build argument 'ament_cmake_args' from command line to 'None'
[0.408s] Level 5:colcon.colcon_core.verb:set package 'px4_ros_extended' build argument 'catkin_cmake_args' from command line to 'None'
[0.408s] Level 5:colcon.colcon_core.verb:set package 'px4_ros_extended' build argument 'catkin_skip_building_tests' from command line to 'False'
[0.408s] DEBUG:colcon.colcon_core.verb:Building package 'px4_ros_extended' with the following arguments: {'ament_cmake_args': None, 'build_base': '/src/shared/ros_packages/build/px4_ros_extended', 'catkin_cmake_args': None, 'catkin_skip_building_tests': False, 'cmake_args': None, 'cmake_clean_cache': False, 'cmake_clean_first': False, 'cmake_force_configure': False, 'cmake_target': None, 'cmake_target_skip_unavailable': False, 'install_base': '/src/shared/ros_packages/install/px4_ros_extended', 'merge_install': False, 'path': '/src/shared/ros_packages/px4_ros_extended', 'symlink_install': True, 'test_result_base': None}
[0.408s] INFO:colcon.colcon_core.executor:Executing jobs using 'parallel' executor
[0.409s] DEBUG:colcon.colcon_parallel_executor.executor.parallel:run_until_complete
[0.409s] INFO:colcon.colcon_ros.task.ament_cmake.build:Building ROS package in '/src/shared/ros_packages/px4_msgs' with build type 'ament_cmake'
[0.409s] INFO:colcon.colcon_cmake.task.cmake.build:Building CMake package in '/src/shared/ros_packages/px4_msgs'
[0.411s] INFO:colcon.colcon_core.plugin_system:Skipping extension 'colcon_core.shell.bat': Not used on non-Windows systems
[0.411s] INFO:colcon.colcon_core.shell:Skip shell extension 'powershell' for command environment: Not usable outside of PowerShell
[0.411s] DEBUG:colcon.colcon_core.shell:Skip shell extension 'dsv' for command environment
[0.421s] DEBUG:colcon.colcon_core.event_handler.log_command:Invoking command in '/src/shared/ros_packages/build/px4_msgs': CMAKE_PREFIX_PATH=${CMAKE_PREFIX_PATH}:/opt/ros/dashing /usr/bin/cmake --build /src/shared/ros_packages/build/px4_msgs -- -j12 -l12
[1.626s] DEBUG:colcon.colcon_core.event_handler.log_command:Invoked command in '/src/shared/ros_packages/build/px4_msgs' returned '0': CMAKE_PREFIX_PATH=${CMAKE_PREFIX_PATH}:/opt/ros/dashing /usr/bin/cmake --build /src/shared/ros_packages/build/px4_msgs -- -j12 -l12
[19.348s] DEBUG:colcon.colcon_core.event_handler.log_command:Invoking command in '/src/shared/ros_packages/build/px4_msgs': CMAKE_PREFIX_PATH=${CMAKE_PREFIX_PATH}:/opt/ros/dashing /usr/bin/cmake --build /src/shared/ros_packages/build/px4_msgs --target install -- -j12 -l12
[21.245s] Level 1:colcon.colcon_core.environment:create_environment_scripts_only(px4_msgs)
[21.246s] DEBUG:colcon.colcon_core.event_handler.log_command:Invoked command in '/src/shared/ros_packages/build/px4_msgs' returned '0': CMAKE_PREFIX_PATH=${CMAKE_PREFIX_PATH}:/opt/ros/dashing /usr/bin/cmake --build /src/shared/ros_packages/build/px4_msgs --target install -- -j12 -l12
[21.248s] Level 1:colcon.colcon_core.environment:checking '/src/shared/ros_packages/install/px4_msgs' for CMake module files
[21.249s] Level 1:colcon.colcon_core.environment:checking '/src/shared/ros_packages/install/px4_msgs' for CMake config files
[21.251s] Level 1:colcon.colcon_core.shell:create_environment_hook('px4_msgs', 'cmake_prefix_path')
[21.251s] INFO:colcon.colcon_core.shell:Creating environment hook '/src/shared/ros_packages/install/px4_msgs/share/px4_msgs/hook/cmake_prefix_path.ps1'
[21.253s] INFO:colcon.colcon_core.shell:Creating environment descriptor '/src/shared/ros_packages/install/px4_msgs/share/px4_msgs/hook/cmake_prefix_path.dsv'
[21.258s] INFO:colcon.colcon_core.shell:Creating environment hook '/src/shared/ros_packages/install/px4_msgs/share/px4_msgs/hook/cmake_prefix_path.sh'
[21.259s] Level 1:colcon.colcon_core.environment:checking '/src/shared/ros_packages/install/px4_msgs/lib'
[21.259s] Level 1:colcon.colcon_core.shell:create_environment_hook('px4_msgs', 'ld_library_path_lib')
[21.259s] INFO:colcon.colcon_core.shell:Creating environment hook '/src/shared/ros_packages/install/px4_msgs/share/px4_msgs/hook/ld_library_path_lib.ps1'
[21.260s] INFO:colcon.colcon_core.shell:Creating environment descriptor '/src/shared/ros_packages/install/px4_msgs/share/px4_msgs/hook/ld_library_path_lib.dsv'
[21.260s] INFO:colcon.colcon_core.shell:Creating environment hook '/src/shared/ros_packages/install/px4_msgs/share/px4_msgs/hook/ld_library_path_lib.sh'
[21.260s] Level 1:colcon.colcon_core.environment:checking '/src/shared/ros_packages/install/px4_msgs/bin'
[21.260s] Level 1:colcon.colcon_core.environment:checking '/src/shared/ros_packages/install/px4_msgs/lib/pkgconfig/px4_msgs.pc'
[21.261s] Level 1:colcon.colcon_core.environment:checking '/src/shared/ros_packages/install/px4_msgs/lib/python3.6/site-packages'
[21.261s] Level 1:colcon.colcon_core.shell:create_environment_hook('px4_msgs', 'pythonpath')
[21.261s] INFO:colcon.colcon_core.shell:Creating environment hook '/src/shared/ros_packages/install/px4_msgs/share/px4_msgs/hook/pythonpath.ps1'
[21.261s] INFO:colcon.colcon_core.shell:Creating environment descriptor '/src/shared/ros_packages/install/px4_msgs/share/px4_msgs/hook/pythonpath.dsv'
[21.262s] INFO:colcon.colcon_core.shell:Creating environment hook '/src/shared/ros_packages/install/px4_msgs/share/px4_msgs/hook/pythonpath.sh'
[21.262s] Level 1:colcon.colcon_core.environment:checking '/src/shared/ros_packages/install/px4_msgs/bin'
[21.262s] INFO:colcon.colcon_core.shell:Creating package script '/src/shared/ros_packages/install/px4_msgs/share/px4_msgs/package.ps1'
[21.263s] INFO:colcon.colcon_core.shell:Creating package descriptor '/src/shared/ros_packages/install/px4_msgs/share/px4_msgs/package.dsv'
[21.264s] INFO:colcon.colcon_core.shell:Creating package script '/src/shared/ros_packages/install/px4_msgs/share/px4_msgs/package.sh'
[21.264s] INFO:colcon.colcon_core.shell:Creating package script '/src/shared/ros_packages/install/px4_msgs/share/px4_msgs/package.bash'
[21.265s] INFO:colcon.colcon_core.shell:Creating package script '/src/shared/ros_packages/install/px4_msgs/share/px4_msgs/package.zsh'
[21.265s] Level 1:colcon.colcon_core.environment:create_file_with_runtime_dependencies(/src/shared/ros_packages/install/px4_msgs/share/colcon-core/packages/px4_msgs)
[41.756s] Level 1:colcon.colcon_core.environment:create_environment_scripts_only(px4_msgs)
[41.758s] Level 1:colcon.colcon_core.environment:checking '/src/shared/ros_packages/install/px4_msgs' for CMake module files
[41.760s] Level 1:colcon.colcon_core.environment:checking '/src/shared/ros_packages/install/px4_msgs' for CMake config files
[41.769s] Level 1:colcon.colcon_core.shell:create_environment_hook('px4_msgs', 'cmake_prefix_path')
[41.770s] INFO:colcon.colcon_core.shell:Creating environment hook '/src/shared/ros_packages/install/px4_msgs/share/px4_msgs/hook/cmake_prefix_path.ps1'
[41.771s] INFO:colcon.colcon_core.shell:Creating environment descriptor '/src/shared/ros_packages/install/px4_msgs/share/px4_msgs/hook/cmake_prefix_path.dsv'
[41.772s] INFO:colcon.colcon_core.shell:Creating environment hook '/src/shared/ros_packages/install/px4_msgs/share/px4_msgs/hook/cmake_prefix_path.sh'
[41.774s] Level 1:colcon.colcon_core.environment:checking '/src/shared/ros_packages/install/px4_msgs/lib'
[41.774s] Level 1:colcon.colcon_core.shell:create_environment_hook('px4_msgs', 'ld_library_path_lib')
[41.775s] INFO:colcon.colcon_core.shell:Creating environment hook '/src/shared/ros_packages/install/px4_msgs/share/px4_msgs/hook/ld_library_path_lib.ps1'
[41.776s] INFO:colcon.colcon_core.shell:Creating environment descriptor '/src/shared/ros_packages/install/px4_msgs/share/px4_msgs/hook/ld_library_path_lib.dsv'
[41.776s] INFO:colcon.colcon_core.shell:Creating environment hook '/src/shared/ros_packages/install/px4_msgs/share/px4_msgs/hook/ld_library_path_lib.sh'
[41.777s] Level 1:colcon.colcon_core.environment:checking '/src/shared/ros_packages/install/px4_msgs/bin'
[41.777s] Level 1:colcon.colcon_core.environment:checking '/src/shared/ros_packages/install/px4_msgs/lib/pkgconfig/px4_msgs.pc'
[41.778s] Level 1:colcon.colcon_core.environment:checking '/src/shared/ros_packages/install/px4_msgs/lib/python3.6/site-packages'
[41.778s] Level 1:colcon.colcon_core.shell:create_environment_hook('px4_msgs', 'pythonpath')
[41.778s] INFO:colcon.colcon_core.shell:Creating environment hook '/src/shared/ros_packages/install/px4_msgs/share/px4_msgs/hook/pythonpath.ps1'
[41.779s] INFO:colcon.colcon_core.shell:Creating environment descriptor '/src/shared/ros_packages/install/px4_msgs/share/px4_msgs/hook/pythonpath.dsv'
[41.782s] INFO:colcon.colcon_core.shell:Creating environment hook '/src/shared/ros_packages/install/px4_msgs/share/px4_msgs/hook/pythonpath.sh'
[41.783s] Level 1:colcon.colcon_core.environment:checking '/src/shared/ros_packages/install/px4_msgs/bin'
[41.783s] INFO:colcon.colcon_core.shell:Creating package script '/src/shared/ros_packages/install/px4_msgs/share/px4_msgs/package.ps1'
[41.784s] INFO:colcon.colcon_core.shell:Creating package descriptor '/src/shared/ros_packages/install/px4_msgs/share/px4_msgs/package.dsv'
[41.785s] INFO:colcon.colcon_core.shell:Creating package script '/src/shared/ros_packages/install/px4_msgs/share/px4_msgs/package.sh'
[41.785s] INFO:colcon.colcon_core.shell:Creating package script '/src/shared/ros_packages/install/px4_msgs/share/px4_msgs/package.bash'
[41.786s] INFO:colcon.colcon_core.shell:Creating package script '/src/shared/ros_packages/install/px4_msgs/share/px4_msgs/package.zsh'
[41.787s] Level 1:colcon.colcon_core.environment:create_file_with_runtime_dependencies(/src/shared/ros_packages/install/px4_msgs/share/colcon-core/packages/px4_msgs)
[41.787s] INFO:colcon.colcon_ros.task.ament_cmake.build:Building ROS package in '/src/shared/ros_packages/px4_ros_com' with build type 'ament_cmake'
[41.787s] INFO:colcon.colcon_cmake.task.cmake.build:Building CMake package in '/src/shared/ros_packages/px4_ros_com'
[41.788s] INFO:colcon.colcon_core.shell:Skip shell extension 'powershell' for command environment: Not usable outside of PowerShell
[41.788s] DEBUG:colcon.colcon_core.shell:Skip shell extension 'dsv' for command environment
[41.799s] INFO:colcon.colcon_ros.task.ament_cmake.build:Building ROS package in '/src/shared/ros_packages/px4_ros_extended' with build type 'ament_cmake'
[41.800s] INFO:colcon.colcon_cmake.task.cmake.build:Building CMake package in '/src/shared/ros_packages/px4_ros_extended'
[41.800s] INFO:colcon.colcon_core.shell:Skip shell extension 'powershell' for command environment: Not usable outside of PowerShell
[41.800s] DEBUG:colcon.colcon_core.shell:Skip shell extension 'dsv' for command environment
[41.812s] DEBUG:colcon.colcon_core.event_handler.log_command:Invoking command in '/src/shared/ros_packages/build/px4_ros_com': CMAKE_PREFIX_PATH=/src/shared/ros_packages/install/px4_msgs:/src/shared/ros_packages/install/px4_ros_extended:/src/shared/ros_packages/install/px4_ros_com:/opt/ros/dashing LD_LIBRARY_PATH=/src/shared/ros_packages/install/px4_msgs/lib:/src/shared/ros_packages/install/px4_ros_com/lib:/usr/lib/x86_64-linux-gnu/gazebo-9/plugins:/opt/ros/dashing/opt/yaml_cpp_vendor/lib:/opt/ros/dashing/opt/rviz_ogre_vendor/lib:/opt/ros/dashing/lib PYTHONPATH=/src/shared/ros_packages/install/px4_msgs/lib/python3.6/site-packages:/src/shared/ros_packages/install/px4_ros_extended/lib/python3.6/site-packages:/opt/ros/dashing/lib/python3.6/site-packages /usr/bin/cmake --build /src/shared/ros_packages/build/px4_ros_com -- -j12 -l12
[41.817s] DEBUG:colcon.colcon_core.event_handler.log_command:Invoking command in '/src/shared/ros_packages/build/px4_ros_extended': CMAKE_PREFIX_PATH=/src/shared/ros_packages/install/px4_msgs:/src/shared/ros_packages/install/px4_ros_extended:/src/shared/ros_packages/install/px4_ros_com:/opt/ros/dashing LD_LIBRARY_PATH=/src/shared/ros_packages/install/px4_msgs/lib:/src/shared/ros_packages/install/px4_ros_com/lib:/usr/lib/x86_64-linux-gnu/gazebo-9/plugins:/opt/ros/dashing/opt/yaml_cpp_vendor/lib:/opt/ros/dashing/opt/rviz_ogre_vendor/lib:/opt/ros/dashing/lib PYTHONPATH=/src/shared/ros_packages/install/px4_msgs/lib/python3.6/site-packages:/src/shared/ros_packages/install/px4_ros_extended/lib/python3.6/site-packages:/opt/ros/dashing/lib/python3.6/site-packages /usr/bin/cmake --build /src/shared/ros_packages/build/px4_ros_extended -- -j12 -l12
[41.931s] DEBUG:colcon.colcon_core.event_handler.log_command:Invoked command in '/src/shared/ros_packages/build/px4_ros_extended' returned '0': CMAKE_PREFIX_PATH=/src/shared/ros_packages/install/px4_msgs:/src/shared/ros_packages/install/px4_ros_extended:/src/shared/ros_packages/install/px4_ros_com:/opt/ros/dashing LD_LIBRARY_PATH=/src/shared/ros_packages/install/px4_msgs/lib:/src/shared/ros_packages/install/px4_ros_com/lib:/usr/lib/x86_64-linux-gnu/gazebo-9/plugins:/opt/ros/dashing/opt/yaml_cpp_vendor/lib:/opt/ros/dashing/opt/rviz_ogre_vendor/lib:/opt/ros/dashing/lib PYTHONPATH=/src/shared/ros_packages/install/px4_msgs/lib/python3.6/site-packages:/src/shared/ros_packages/install/px4_ros_extended/lib/python3.6/site-packages:/opt/ros/dashing/lib/python3.6/site-packages /usr/bin/cmake --build /src/shared/ros_packages/build/px4_ros_extended -- -j12 -l12
[41.963s] DEBUG:colcon.colcon_core.event_handler.log_command:Invoking command in '/src/shared/ros_packages/build/px4_ros_extended': CMAKE_PREFIX_PATH=/src/shared/ros_packages/install/px4_msgs:/src/shared/ros_packages/install/px4_ros_extended:/src/shared/ros_packages/install/px4_ros_com:/opt/ros/dashing LD_LIBRARY_PATH=/src/shared/ros_packages/install/px4_msgs/lib:/src/shared/ros_packages/install/px4_ros_com/lib:/usr/lib/x86_64-linux-gnu/gazebo-9/plugins:/opt/ros/dashing/opt/yaml_cpp_vendor/lib:/opt/ros/dashing/opt/rviz_ogre_vendor/lib:/opt/ros/dashing/lib PYTHONPATH=/src/shared/ros_packages/install/px4_msgs/lib/python3.6/site-packages:/src/shared/ros_packages/install/px4_ros_extended/lib/python3.6/site-packages:/opt/ros/dashing/lib/python3.6/site-packages /usr/bin/cmake --build /src/shared/ros_packages/build/px4_ros_extended --target install -- -j12 -l12
[41.982s] DEBUG:colcon.colcon_core.event_handler.log_command:Invoked command in '/src/shared/ros_packages/build/px4_ros_com' returned '0': CMAKE_PREFIX_PATH=/src/shared/ros_packages/install/px4_msgs:/src/shared/ros_packages/install/px4_ros_extended:/src/shared/ros_packages/install/px4_ros_com:/opt/ros/dashing LD_LIBRARY_PATH=/src/shared/ros_packages/install/px4_msgs/lib:/src/shared/ros_packages/install/px4_ros_com/lib:/usr/lib/x86_64-linux-gnu/gazebo-9/plugins:/opt/ros/dashing/opt/yaml_cpp_vendor/lib:/opt/ros/dashing/opt/rviz_ogre_vendor/lib:/opt/ros/dashing/lib PYTHONPATH=/src/shared/ros_packages/install/px4_msgs/lib/python3.6/site-packages:/src/shared/ros_packages/install/px4_ros_extended/lib/python3.6/site-packages:/opt/ros/dashing/lib/python3.6/site-packages /usr/bin/cmake --build /src/shared/ros_packages/build/px4_ros_com -- -j12 -l12
[42.117s] Level 1:colcon.colcon_core.environment:create_environment_scripts_only(px4_ros_extended)
[42.117s] Level 1:colcon.colcon_core.environment:checking '/src/shared/ros_packages/install/px4_ros_extended' for CMake module files
[42.117s] DEBUG:colcon.colcon_core.event_handler.log_command:Invoked command in '/src/shared/ros_packages/build/px4_ros_extended' returned '0': CMAKE_PREFIX_PATH=/src/shared/ros_packages/install/px4_msgs:/src/shared/ros_packages/install/px4_ros_extended:/src/shared/ros_packages/install/px4_ros_com:/opt/ros/dashing LD_LIBRARY_PATH=/src/shared/ros_packages/install/px4_msgs/lib:/src/shared/ros_packages/install/px4_ros_com/lib:/usr/lib/x86_64-linux-gnu/gazebo-9/plugins:/opt/ros/dashing/opt/yaml_cpp_vendor/lib:/opt/ros/dashing/opt/rviz_ogre_vendor/lib:/opt/ros/dashing/lib PYTHONPATH=/src/shared/ros_packages/install/px4_msgs/lib/python3.6/site-packages:/src/shared/ros_packages/install/px4_ros_extended/lib/python3.6/site-packages:/opt/ros/dashing/lib/python3.6/site-packages /usr/bin/cmake --build /src/shared/ros_packages/build/px4_ros_extended --target install -- -j12 -l12
[42.118s] Level 1:colcon.colcon_core.environment:checking '/src/shared/ros_packages/install/px4_ros_extended' for CMake config files
[42.118s] Level 1:colcon.colcon_core.shell:create_environment_hook('px4_ros_extended', 'cmake_prefix_path')
[42.119s] INFO:colcon.colcon_core.shell:Creating environment hook '/src/shared/ros_packages/install/px4_ros_extended/share/px4_ros_extended/hook/cmake_prefix_path.ps1'
[42.119s] INFO:colcon.colcon_core.shell:Creating environment descriptor '/src/shared/ros_packages/install/px4_ros_extended/share/px4_ros_extended/hook/cmake_prefix_path.dsv'
[42.119s] INFO:colcon.colcon_core.shell:Creating environment hook '/src/shared/ros_packages/install/px4_ros_extended/share/px4_ros_extended/hook/cmake_prefix_path.sh'
[42.120s] Level 1:colcon.colcon_core.environment:checking '/src/shared/ros_packages/install/px4_ros_extended/lib'
[42.120s] Level 1:colcon.colcon_core.environment:checking '/src/shared/ros_packages/install/px4_ros_extended/bin'
[42.120s] Level 1:colcon.colcon_core.environment:checking '/src/shared/ros_packages/install/px4_ros_extended/lib/pkgconfig/px4_ros_extended.pc'
[42.120s] Level 1:colcon.colcon_core.environment:checking '/src/shared/ros_packages/install/px4_ros_extended/lib/python3.6/site-packages'
[42.120s] Level 1:colcon.colcon_core.shell:create_environment_hook('px4_ros_extended', 'pythonpath')
[42.121s] INFO:colcon.colcon_core.shell:Creating environment hook '/src/shared/ros_packages/install/px4_ros_extended/share/px4_ros_extended/hook/pythonpath.ps1'
[42.121s] INFO:colcon.colcon_core.shell:Creating environment descriptor '/src/shared/ros_packages/install/px4_ros_extended/share/px4_ros_extended/hook/pythonpath.dsv'
[42.121s] INFO:colcon.colcon_core.shell:Creating environment hook '/src/shared/ros_packages/install/px4_ros_extended/share/px4_ros_extended/hook/pythonpath.sh'
[42.122s] Level 1:colcon.colcon_core.environment:checking '/src/shared/ros_packages/install/px4_ros_extended/bin'
[42.122s] INFO:colcon.colcon_core.shell:Creating package script '/src/shared/ros_packages/install/px4_ros_extended/share/px4_ros_extended/package.ps1'
[42.122s] INFO:colcon.colcon_core.shell:Creating package descriptor '/src/shared/ros_packages/install/px4_ros_extended/share/px4_ros_extended/package.dsv'
[42.123s] INFO:colcon.colcon_core.shell:Creating package script '/src/shared/ros_packages/install/px4_ros_extended/share/px4_ros_extended/package.sh'
[42.123s] INFO:colcon.colcon_core.shell:Creating package script '/src/shared/ros_packages/install/px4_ros_extended/share/px4_ros_extended/package.bash'
[42.123s] INFO:colcon.colcon_core.shell:Creating package script '/src/shared/ros_packages/install/px4_ros_extended/share/px4_ros_extended/package.zsh'
[42.124s] Level 1:colcon.colcon_core.environment:create_file_with_runtime_dependencies(/src/shared/ros_packages/install/px4_ros_extended/share/colcon-core/packages/px4_ros_extended)
[42.158s] Level 1:colcon.colcon_core.environment:create_environment_scripts_only(px4_ros_extended)
[42.159s] Level 1:colcon.colcon_core.environment:checking '/src/shared/ros_packages/install/px4_ros_extended' for CMake module files
[42.159s] Level 1:colcon.colcon_core.environment:checking '/src/shared/ros_packages/install/px4_ros_extended' for CMake config files
[42.160s] Level 1:colcon.colcon_core.shell:create_environment_hook('px4_ros_extended', 'cmake_prefix_path')
[42.160s] INFO:colcon.colcon_core.shell:Creating environment hook '/src/shared/ros_packages/install/px4_ros_extended/share/px4_ros_extended/hook/cmake_prefix_path.ps1'
[42.161s] INFO:colcon.colcon_core.shell:Creating environment descriptor '/src/shared/ros_packages/install/px4_ros_extended/share/px4_ros_extended/hook/cmake_prefix_path.dsv'
[42.161s] INFO:colcon.colcon_core.shell:Creating environment hook '/src/shared/ros_packages/install/px4_ros_extended/share/px4_ros_extended/hook/cmake_prefix_path.sh'
[42.162s] Level 1:colcon.colcon_core.environment:checking '/src/shared/ros_packages/install/px4_ros_extended/lib'
[42.162s] Level 1:colcon.colcon_core.environment:checking '/src/shared/ros_packages/install/px4_ros_extended/bin'
[42.162s] Level 1:colcon.colcon_core.environment:checking '/src/shared/ros_packages/install/px4_ros_extended/lib/pkgconfig/px4_ros_extended.pc'
[42.162s] Level 1:colcon.colcon_core.environment:checking '/src/shared/ros_packages/install/px4_ros_extended/lib/python3.6/site-packages'
[42.162s] Level 1:colcon.colcon_core.shell:create_environment_hook('px4_ros_extended', 'pythonpath')
[42.163s] INFO:colcon.colcon_core.shell:Creating environment hook '/src/shared/ros_packages/install/px4_ros_extended/share/px4_ros_extended/hook/pythonpath.ps1'
[42.163s] INFO:colcon.colcon_core.shell:Creating environment descriptor '/src/shared/ros_packages/install/px4_ros_extended/share/px4_ros_extended/hook/pythonpath.dsv'
[42.163s] INFO:colcon.colcon_core.shell:Creating environment hook '/src/shared/ros_packages/install/px4_ros_extended/share/px4_ros_extended/hook/pythonpath.sh'
[42.164s] Level 1:colcon.colcon_core.environment:checking '/src/shared/ros_packages/install/px4_ros_extended/bin'
[42.164s] INFO:colcon.colcon_core.shell:Creating package script '/src/shared/ros_packages/install/px4_ros_extended/share/px4_ros_extended/package.ps1'
[42.165s] INFO:colcon.colcon_core.shell:Creating package descriptor '/src/shared/ros_packages/install/px4_ros_extended/share/px4_ros_extended/package.dsv'
[42.165s] INFO:colcon.colcon_core.shell:Creating package script '/src/shared/ros_packages/install/px4_ros_extended/share/px4_ros_extended/package.sh'
[42.166s] INFO:colcon.colcon_core.shell:Creating package script '/src/shared/ros_packages/install/px4_ros_extended/share/px4_ros_extended/package.bash'
[42.166s] INFO:colcon.colcon_core.shell:Creating package script '/src/shared/ros_packages/install/px4_ros_extended/share/px4_ros_extended/package.zsh'
[42.167s] Level 1:colcon.colcon_core.environment:create_file_with_runtime_dependencies(/src/shared/ros_packages/install/px4_ros_extended/share/colcon-core/packages/px4_ros_extended)
[42.354s] DEBUG:colcon.colcon_core.event_handler.log_command:Invoking command in '/src/shared/ros_packages/build/px4_ros_com': CMAKE_PREFIX_PATH=/src/shared/ros_packages/install/px4_msgs:/src/shared/ros_packages/install/px4_ros_extended:/src/shared/ros_packages/install/px4_ros_com:/opt/ros/dashing LD_LIBRARY_PATH=/src/shared/ros_packages/install/px4_msgs/lib:/src/shared/ros_packages/install/px4_ros_com/lib:/usr/lib/x86_64-linux-gnu/gazebo-9/plugins:/opt/ros/dashing/opt/yaml_cpp_vendor/lib:/opt/ros/dashing/opt/rviz_ogre_vendor/lib:/opt/ros/dashing/lib PYTHONPATH=/src/shared/ros_packages/install/px4_msgs/lib/python3.6/site-packages:/src/shared/ros_packages/install/px4_ros_extended/lib/python3.6/site-packages:/opt/ros/dashing/lib/python3.6/site-packages /usr/bin/cmake --build /src/shared/ros_packages/build/px4_ros_com --target install -- -j12 -l12
[42.554s] Level 1:colcon.colcon_core.environment:create_environment_scripts_only(px4_ros_com)
[42.555s] Level 1:colcon.colcon_core.environment:checking '/src/shared/ros_packages/install/px4_ros_com' for CMake module files
[42.555s] DEBUG:colcon.colcon_core.event_handler.log_command:Invoked command in '/src/shared/ros_packages/build/px4_ros_com' returned '0': CMAKE_PREFIX_PATH=/src/shared/ros_packages/install/px4_msgs:/src/shared/ros_packages/install/px4_ros_extended:/src/shared/ros_packages/install/px4_ros_com:/opt/ros/dashing LD_LIBRARY_PATH=/src/shared/ros_packages/install/px4_msgs/lib:/src/shared/ros_packages/install/px4_ros_com/lib:/usr/lib/x86_64-linux-gnu/gazebo-9/plugins:/opt/ros/dashing/opt/yaml_cpp_vendor/lib:/opt/ros/dashing/opt/rviz_ogre_vendor/lib:/opt/ros/dashing/lib PYTHONPATH=/src/shared/ros_packages/install/px4_msgs/lib/python3.6/site-packages:/src/shared/ros_packages/install/px4_ros_extended/lib/python3.6/site-packages:/opt/ros/dashing/lib/python3.6/site-packages /usr/bin/cmake --build /src/shared/ros_packages/build/px4_ros_com --target install -- -j12 -l12
[42.556s] Level 1:colcon.colcon_core.environment:checking '/src/shared/ros_packages/install/px4_ros_com' for CMake config files
[42.556s] Level 1:colcon.colcon_core.shell:create_environment_hook('px4_ros_com', 'cmake_prefix_path')
[42.556s] INFO:colcon.colcon_core.shell:Creating environment hook '/src/shared/ros_packages/install/px4_ros_com/share/px4_ros_com/hook/cmake_prefix_path.ps1'
[42.557s] INFO:colcon.colcon_core.shell:Creating environment descriptor '/src/shared/ros_packages/install/px4_ros_com/share/px4_ros_com/hook/cmake_prefix_path.dsv'
[42.557s] INFO:colcon.colcon_core.shell:Creating environment hook '/src/shared/ros_packages/install/px4_ros_com/share/px4_ros_com/hook/cmake_prefix_path.sh'
[42.558s] Level 1:colcon.colcon_core.environment:checking '/src/shared/ros_packages/install/px4_ros_com/lib'
[42.558s] Level 1:colcon.colcon_core.shell:create_environment_hook('px4_ros_com', 'ld_library_path_lib')
[42.558s] INFO:colcon.colcon_core.shell:Creating environment hook '/src/shared/ros_packages/install/px4_ros_com/share/px4_ros_com/hook/ld_library_path_lib.ps1'
[42.559s] INFO:colcon.colcon_core.shell:Creating environment descriptor '/src/shared/ros_packages/install/px4_ros_com/share/px4_ros_com/hook/ld_library_path_lib.dsv'
[42.559s] INFO:colcon.colcon_core.shell:Creating environment hook '/src/shared/ros_packages/install/px4_ros_com/share/px4_ros_com/hook/ld_library_path_lib.sh'
[42.559s] Level 1:colcon.colcon_core.environment:checking '/src/shared/ros_packages/install/px4_ros_com/bin'
[42.559s] Level 1:colcon.colcon_core.shell:create_environment_hook('px4_ros_com', 'path')
[42.560s] INFO:colcon.colcon_core.shell:Creating environment hook '/src/shared/ros_packages/install/px4_ros_com/share/px4_ros_com/hook/path.ps1'
[42.560s] INFO:colcon.colcon_core.shell:Creating environment descriptor '/src/shared/ros_packages/install/px4_ros_com/share/px4_ros_com/hook/path.dsv'
[42.560s] INFO:colcon.colcon_core.shell:Creating environment hook '/src/shared/ros_packages/install/px4_ros_com/share/px4_ros_com/hook/path.sh'
[42.560s] Level 1:colcon.colcon_core.environment:checking '/src/shared/ros_packages/install/px4_ros_com/lib/pkgconfig/px4_ros_com.pc'
[42.561s] Level 1:colcon.colcon_core.environment:checking '/src/shared/ros_packages/install/px4_ros_com/lib/python3.6/site-packages'
[42.561s] Level 1:colcon.colcon_core.environment:checking '/src/shared/ros_packages/install/px4_ros_com/bin'
[42.561s] Level 1:colcon.colcon_core.shell:create_environment_hook('px4_ros_com', 'pythonscriptspath')
[42.561s] INFO:colcon.colcon_core.shell:Creating environment hook '/src/shared/ros_packages/install/px4_ros_com/share/px4_ros_com/hook/pythonscriptspath.ps1'
[42.561s] INFO:colcon.colcon_core.shell:Creating environment descriptor '/src/shared/ros_packages/install/px4_ros_com/share/px4_ros_com/hook/pythonscriptspath.dsv'
[42.562s] INFO:colcon.colcon_core.shell:Creating environment hook '/src/shared/ros_packages/install/px4_ros_com/share/px4_ros_com/hook/pythonscriptspath.sh'
[42.562s] INFO:colcon.colcon_core.shell:Creating package script '/src/shared/ros_packages/install/px4_ros_com/share/px4_ros_com/package.ps1'
[42.563s] INFO:colcon.colcon_core.shell:Creating package descriptor '/src/shared/ros_packages/install/px4_ros_com/share/px4_ros_com/package.dsv'
[42.563s] INFO:colcon.colcon_core.shell:Creating package script '/src/shared/ros_packages/install/px4_ros_com/share/px4_ros_com/package.sh'
[42.563s] INFO:colcon.colcon_core.shell:Creating package script '/src/shared/ros_packages/install/px4_ros_com/share/px4_ros_com/package.bash'
[42.564s] INFO:colcon.colcon_core.shell:Creating package script '/src/shared/ros_packages/install/px4_ros_com/share/px4_ros_com/package.zsh'
[42.564s] Level 1:colcon.colcon_core.environment:create_file_with_runtime_dependencies(/src/shared/ros_packages/install/px4_ros_com/share/colcon-core/packages/px4_ros_com)
[43.310s] Level 1:colcon.colcon_core.environment:create_environment_scripts_only(px4_ros_com)
[43.311s] Level 1:colcon.colcon_core.environment:checking '/src/shared/ros_packages/install/px4_ros_com' for CMake module files
[43.314s] Level 1:colcon.colcon_core.environment:checking '/src/shared/ros_packages/install/px4_ros_com' for CMake config files
[43.315s] Level 1:colcon.colcon_core.shell:create_environment_hook('px4_ros_com', 'cmake_prefix_path')
[43.316s] INFO:colcon.colcon_core.shell:Creating environment hook '/src/shared/ros_packages/install/px4_ros_com/share/px4_ros_com/hook/cmake_prefix_path.ps1'
[43.318s] INFO:colcon.colcon_core.shell:Creating environment descriptor '/src/shared/ros_packages/install/px4_ros_com/share/px4_ros_com/hook/cmake_prefix_path.dsv'
[43.319s] INFO:colcon.colcon_core.shell:Creating environment hook '/src/shared/ros_packages/install/px4_ros_com/share/px4_ros_com/hook/cmake_prefix_path.sh'
[43.323s] Level 1:colcon.colcon_core.environment:checking '/src/shared/ros_packages/install/px4_ros_com/lib'
[43.323s] Level 1:colcon.colcon_core.shell:create_environment_hook('px4_ros_com', 'ld_library_path_lib')
[43.324s] INFO:colcon.colcon_core.shell:Creating environment hook '/src/shared/ros_packages/install/px4_ros_com/share/px4_ros_com/hook/ld_library_path_lib.ps1'
[43.325s] INFO:colcon.colcon_core.shell:Creating environment descriptor '/src/shared/ros_packages/install/px4_ros_com/share/px4_ros_com/hook/ld_library_path_lib.dsv'
[43.326s] INFO:colcon.colcon_core.shell:Creating environment hook '/src/shared/ros_packages/install/px4_ros_com/share/px4_ros_com/hook/ld_library_path_lib.sh'
[43.328s] Level 1:colcon.colcon_core.environment:checking '/src/shared/ros_packages/install/px4_ros_com/bin'
[43.328s] Level 1:colcon.colcon_core.shell:create_environment_hook('px4_ros_com', 'path')
[43.329s] INFO:colcon.colcon_core.shell:Creating environment hook '/src/shared/ros_packages/install/px4_ros_com/share/px4_ros_com/hook/path.ps1'
[43.330s] INFO:colcon.colcon_core.shell:Creating environment descriptor '/src/shared/ros_packages/install/px4_ros_com/share/px4_ros_com/hook/path.dsv'
[43.332s] INFO:colcon.colcon_core.shell:Creating environment hook '/src/shared/ros_packages/install/px4_ros_com/share/px4_ros_com/hook/path.sh'
[43.333s] Level 1:colcon.colcon_core.environment:checking '/src/shared/ros_packages/install/px4_ros_com/lib/pkgconfig/px4_ros_com.pc'
[43.334s] Level 1:colcon.colcon_core.environment:checking '/src/shared/ros_packages/install/px4_ros_com/lib/python3.6/site-packages'
[43.334s] Level 1:colcon.colcon_core.environment:checking '/src/shared/ros_packages/install/px4_ros_com/bin'
[43.335s] Level 1:colcon.colcon_core.shell:create_environment_hook('px4_ros_com', 'pythonscriptspath')
[43.336s] INFO:colcon.colcon_core.shell:Creating environment hook '/src/shared/ros_packages/install/px4_ros_com/share/px4_ros_com/hook/pythonscriptspath.ps1'
[43.337s] INFO:colcon.colcon_core.shell:Creating environment descriptor '/src/shared/ros_packages/install/px4_ros_com/share/px4_ros_com/hook/pythonscriptspath.dsv'
[43.338s] INFO:colcon.colcon_core.shell:Creating environment hook '/src/shared/ros_packages/install/px4_ros_com/share/px4_ros_com/hook/pythonscriptspath.sh'
[43.340s] INFO:colcon.colcon_core.shell:Creating package script '/src/shared/ros_packages/install/px4_ros_com/share/px4_ros_com/package.ps1'
[43.342s] INFO:colcon.colcon_core.shell:Creating package descriptor '/src/shared/ros_packages/install/px4_ros_com/share/px4_ros_com/package.dsv'
[43.343s] INFO:colcon.colcon_core.shell:Creating package script '/src/shared/ros_packages/install/px4_ros_com/share/px4_ros_com/package.sh'
[43.344s] INFO:colcon.colcon_core.shell:Creating package script '/src/shared/ros_packages/install/px4_ros_com/share/px4_ros_com/package.bash'
[43.345s] INFO:colcon.colcon_core.shell:Creating package script '/src/shared/ros_packages/install/px4_ros_com/share/px4_ros_com/package.zsh'
[43.346s] Level 1:colcon.colcon_core.environment:create_file_with_runtime_dependencies(/src/shared/ros_packages/install/px4_ros_com/share/colcon-core/packages/px4_ros_com)
[43.346s] DEBUG:colcon.colcon_parallel_executor.executor.parallel:closing loop
[43.348s] DEBUG:colcon.colcon_parallel_executor.executor.parallel:loop closed
[43.348s] DEBUG:colcon.colcon_parallel_executor.executor.parallel:run_until_complete finished with '0'
[43.348s] DEBUG:colcon.colcon_core.event_reactor:joining thread
[43.357s] INFO:colcon.colcon_core.plugin_system:Skipping extension 'colcon_notification.desktop_notification.notify_send': Could not find 'notify-send'
[43.357s] INFO:colcon.colcon_core.plugin_system:Skipping extension 'colcon_notification.desktop_notification.terminal_notifier': Not used on non-Darwin systems
[43.357s] INFO:colcon.colcon_core.plugin_system:Skipping extension 'colcon_notification.desktop_notification.win32': Not used on non-Windows systems
[43.357s] INFO:colcon.colcon_notification.desktop_notification:Sending desktop notification using 'notify2'
[43.357s] DEBUG:colcon.colcon_notification.desktop_notification.notify2:Failed to initialize notify2: org.freedesktop.DBus.Error.InvalidFileContent: D-Bus library appears to be incorrectly set up: see the manual page for dbus-uuidgen to correct this issue. (Failed to open "/var/lib/dbus/machine-id": No such file or directory; UUID file '/etc/machine-id' should contain a hex string of length 32, not length 0, with no other text)
[43.358s] DEBUG:colcon.colcon_core.event_reactor:joined thread
[43.358s] INFO:colcon.colcon_core.shell:Creating prefix script '/src/shared/ros_packages/install/local_setup.ps1'
[43.359s] INFO:colcon.colcon_core.shell:Creating prefix util module '/src/shared/ros_packages/install/_local_setup_util_ps1.py'
[43.361s] INFO:colcon.colcon_core.shell:Creating prefix chain script '/src/shared/ros_packages/install/setup.ps1'
[43.363s] INFO:colcon.colcon_core.shell:Creating prefix script '/src/shared/ros_packages/install/local_setup.sh'
[43.364s] INFO:colcon.colcon_core.shell:Creating prefix util module '/src/shared/ros_packages/install/_local_setup_util_sh.py'
[43.364s] INFO:colcon.colcon_core.shell:Creating prefix chain script '/src/shared/ros_packages/install/setup.sh'
[43.366s] INFO:colcon.colcon_core.shell:Creating prefix script '/src/shared/ros_packages/install/local_setup.bash'
[43.367s] INFO:colcon.colcon_core.shell:Creating prefix chain script '/src/shared/ros_packages/install/setup.bash'
[43.368s] INFO:colcon.colcon_core.shell:Creating prefix script '/src/shared/ros_packages/install/local_setup.zsh'
[43.369s] INFO:colcon.colcon_core.shell:Creating prefix chain script '/src/shared/ros_packages/install/setup.zsh'
