[0.388s] DEBUG:colcon:Command line arguments: ['/usr/bin/colcon', 'build', '--symlink-install']
[0.388s] DEBUG:colcon:Parsed command line arguments: Namespace(allow_overriding=[], ament_cmake_args=None, base_paths=['.'], build_base='build', catkin_cmake_args=None, catkin_skip_building_tests=False, cmake_args=None, cmake_clean_cache=False, cmake_clean_first=False, cmake_force_configure=False, cmake_target=None, cmake_target_skip_unavailable=False, continue_on_error=False, event_handlers=None, executor='parallel', ignore_user_meta=False, install_base='install', log_base=None, log_level=None, main=<bound method BuildVerb.main of <colcon_core.verb.build.BuildVerb object at 0x7f71a38c49e8>>, merge_install=False, metas=['./colcon.meta'], mixin=None, mixin_files=None, mixin_verb=('build',), packages_above=None, packages_above_and_dependencies=None, packages_above_depth=None, packages_end=None, packages_ignore=None, packages_ignore_regex=None, packages_select=None, packages_select_build_failed=False, packages_select_by_dep=None, packages_select_regex=None, packages_select_test_failures=False, packages_skip=None, packages_skip_build_finished=False, packages_skip_by_dep=None, packages_skip_regex=None, packages_skip_test_passed=False, packages_skip_up_to=None, packages_start=None, packages_up_to=None, packages_up_to_regex=None, parallel_workers=12, paths=None, symlink_install=True, test_result_base=None, verb_extension=<colcon_core.verb.build.BuildVerb object at 0x7f71a38c49e8>, verb_name='build', verb_parser=<colcon_mixin.mixin.mixin_argument.MixinArgumentDecorator object at 0x7f71a36087b8>)
[0.410s] Level 1:colcon.colcon_core.package_discovery:discover_packages(colcon_meta) check parameters
[0.411s] INFO:colcon.colcon_metadata.package_discovery.colcon_meta:Using configuration from '/root/.colcon/metadata/default/Gazebo.meta'
[0.412s] INFO:colcon.colcon_metadata.package_discovery.colcon_meta:Using configuration from '/root/.colcon/metadata/default/fastrtps.meta'
[0.412s] Level 1:colcon.colcon_core.package_discovery:discover_packages(recursive) check parameters
[0.412s] Level 1:colcon.colcon_core.package_discovery:discover_packages(ignore) check parameters
[0.412s] Level 1:colcon.colcon_core.package_discovery:discover_packages(path) check parameters
[0.412s] Level 1:colcon.colcon_core.package_discovery:discover_packages(colcon_meta) discover
[0.412s] Level 1:colcon.colcon_core.package_discovery:discover_packages(recursive) discover
[0.412s] INFO:colcon.colcon_core.package_discovery:Crawling recursively for packages in '/src/shared/ros_packages'
[0.412s] Level 1:colcon.colcon_core.package_identification:_identify(.) by extensions ['ignore', 'ignore_ament_install']
[0.413s] Level 1:colcon.colcon_core.package_identification:_identify(.) by extension 'ignore'
[0.413s] Level 1:colcon.colcon_core.package_identification:_identify(.) by extension 'ignore_ament_install'
[0.413s] Level 1:colcon.colcon_core.package_identification:_identify(.) by extensions ['colcon_pkg']
[0.413s] Level 1:colcon.colcon_core.package_identification:_identify(.) by extension 'colcon_pkg'
[0.413s] Level 1:colcon.colcon_core.package_identification:_identify(.) by extensions ['colcon_meta']
[0.413s] Level 1:colcon.colcon_core.package_identification:_identify(.) by extension 'colcon_meta'
[0.413s] Level 1:colcon.colcon_core.package_identification:_identify(.) by extensions ['ros']
[0.413s] Level 1:colcon.colcon_core.package_identification:_identify(.) by extension 'ros'
[0.448s] Level 1:colcon.colcon_core.package_identification:_identify(.) by extensions ['cmake', 'python']
[0.448s] Level 1:colcon.colcon_core.package_identification:_identify(.) by extension 'cmake'
[0.448s] Level 1:colcon.colcon_core.package_identification:_identify(.) by extension 'python'
[0.448s] Level 1:colcon.colcon_core.package_identification:_identify(.) by extensions ['python_setup_py']
[0.448s] Level 1:colcon.colcon_core.package_identification:_identify(.) by extension 'python_setup_py'
[0.449s] Level 1:colcon.colcon_core.package_identification:_identify(build) by extensions ['ignore', 'ignore_ament_install']
[0.449s] Level 1:colcon.colcon_core.package_identification:_identify(build) by extension 'ignore'
[0.449s] Level 1:colcon.colcon_core.package_identification:_identify(build) ignored
[0.449s] Level 1:colcon.colcon_core.package_identification:_identify(install) by extensions ['ignore', 'ignore_ament_install']
[0.449s] Level 1:colcon.colcon_core.package_identification:_identify(install) by extension 'ignore'
[0.449s] Level 1:colcon.colcon_core.package_identification:_identify(install) ignored
[0.450s] Level 1:colcon.colcon_core.package_identification:_identify(log) by extensions ['ignore', 'ignore_ament_install']
[0.450s] Level 1:colcon.colcon_core.package_identification:_identify(log) by extension 'ignore'
[0.450s] Level 1:colcon.colcon_core.package_identification:_identify(log) ignored
[0.450s] Level 1:colcon.colcon_core.package_identification:_identify(px4_msgs) by extensions ['ignore', 'ignore_ament_install']
[0.450s] Level 1:colcon.colcon_core.package_identification:_identify(px4_msgs) by extension 'ignore'
[0.450s] Level 1:colcon.colcon_core.package_identification:_identify(px4_msgs) by extension 'ignore_ament_install'
[0.450s] Level 1:colcon.colcon_core.package_identification:_identify(px4_msgs) by extensions ['colcon_pkg']
[0.450s] Level 1:colcon.colcon_core.package_identification:_identify(px4_msgs) by extension 'colcon_pkg'
[0.450s] Level 1:colcon.colcon_core.package_identification:_identify(px4_msgs) by extensions ['colcon_meta']
[0.450s] Level 1:colcon.colcon_core.package_identification:_identify(px4_msgs) by extension 'colcon_meta'
[0.450s] Level 1:colcon.colcon_core.package_identification:_identify(px4_msgs) by extensions ['ros']
[0.450s] Level 1:colcon.colcon_core.package_identification:_identify(px4_msgs) by extension 'ros'
[0.454s] DEBUG:colcon.colcon_core.package_identification:Package 'px4_msgs' with type 'ros.ament_cmake' and name 'px4_msgs'
[0.454s] Level 1:colcon.colcon_core.package_identification:_identify(px4_ros_com) by extensions ['ignore', 'ignore_ament_install']
[0.454s] Level 1:colcon.colcon_core.package_identification:_identify(px4_ros_com) by extension 'ignore'
[0.454s] Level 1:colcon.colcon_core.package_identification:_identify(px4_ros_com) by extension 'ignore_ament_install'
[0.454s] Level 1:colcon.colcon_core.package_identification:_identify(px4_ros_com) by extensions ['colcon_pkg']
[0.454s] Level 1:colcon.colcon_core.package_identification:_identify(px4_ros_com) by extension 'colcon_pkg'
[0.454s] Level 1:colcon.colcon_core.package_identification:_identify(px4_ros_com) by extensions ['colcon_meta']
[0.455s] Level 1:colcon.colcon_core.package_identification:_identify(px4_ros_com) by extension 'colcon_meta'
[0.455s] Level 1:colcon.colcon_core.package_identification:_identify(px4_ros_com) by extensions ['ros']
[0.455s] Level 1:colcon.colcon_core.package_identification:_identify(px4_ros_com) by extension 'ros'
[0.457s] DEBUG:colcon.colcon_core.package_identification:Package 'px4_ros_com' with type 'ros.ament_cmake' and name 'px4_ros_com'
[0.457s] Level 1:colcon.colcon_core.package_identification:_identify(px4_ros_extended) by extensions ['ignore', 'ignore_ament_install']
[0.457s] Level 1:colcon.colcon_core.package_identification:_identify(px4_ros_extended) by extension 'ignore'
[0.457s] Level 1:colcon.colcon_core.package_identification:_identify(px4_ros_extended) by extension 'ignore_ament_install'
[0.457s] Level 1:colcon.colcon_core.package_identification:_identify(px4_ros_extended) by extensions ['colcon_pkg']
[0.457s] Level 1:colcon.colcon_core.package_identification:_identify(px4_ros_extended) by extension 'colcon_pkg'
[0.457s] Level 1:colcon.colcon_core.package_identification:_identify(px4_ros_extended) by extensions ['colcon_meta']
[0.457s] Level 1:colcon.colcon_core.package_identification:_identify(px4_ros_extended) by extension 'colcon_meta'
[0.457s] Level 1:colcon.colcon_core.package_identification:_identify(px4_ros_extended) by extensions ['ros']
[0.457s] Level 1:colcon.colcon_core.package_identification:_identify(px4_ros_extended) by extension 'ros'
[0.458s] DEBUG:colcon.colcon_core.package_identification:Package 'px4_ros_extended' with type 'ros.ament_cmake' and name 'px4_ros_extended'
[0.458s] Level 1:colcon.colcon_core.package_discovery:discover_packages(recursive) using defaults
[0.458s] Level 1:colcon.colcon_core.package_discovery:discover_packages(ignore) discover
[0.458s] Level 1:colcon.colcon_core.package_discovery:discover_packages(ignore) using defaults
[0.458s] Level 1:colcon.colcon_core.package_discovery:discover_packages(path) discover
[0.459s] Level 1:colcon.colcon_core.package_discovery:discover_packages(path) using defaults
[0.479s] Level 1:colcon.colcon_core.package_discovery:discover_packages(prefix_path) check parameters
[0.479s] Level 1:colcon.colcon_core.package_discovery:discover_packages(prefix_path) discover
[0.481s] DEBUG:colcon.colcon_installed_package_information.package_discovery:Found 3 installed packages in /src/shared/ros_packages/install
[0.482s] DEBUG:colcon.colcon_installed_package_information.package_discovery:Found 230 installed packages in /opt/ros/dashing
[0.484s] Level 1:colcon.colcon_core.package_discovery:discover_packages(prefix_path) using defaults
[0.617s] Level 5:colcon.colcon_core.verb:set package 'px4_msgs' build argument 'cmake_args' from command line to 'None'
[0.617s] Level 5:colcon.colcon_core.verb:set package 'px4_msgs' build argument 'cmake_target' from command line to 'None'
[0.617s] Level 5:colcon.colcon_core.verb:set package 'px4_msgs' build argument 'cmake_target_skip_unavailable' from command line to 'False'
[0.617s] Level 5:colcon.colcon_core.verb:set package 'px4_msgs' build argument 'cmake_clean_cache' from command line to 'False'
[0.617s] Level 5:colcon.colcon_core.verb:set package 'px4_msgs' build argument 'cmake_clean_first' from command line to 'False'
[0.617s] Level 5:colcon.colcon_core.verb:set package 'px4_msgs' build argument 'cmake_force_configure' from command line to 'False'
[0.617s] Level 5:colcon.colcon_core.verb:set package 'px4_msgs' build argument 'ament_cmake_args' from command line to 'None'
[0.617s] Level 5:colcon.colcon_core.verb:set package 'px4_msgs' build argument 'catkin_cmake_args' from command line to 'None'
[0.617s] Level 5:colcon.colcon_core.verb:set package 'px4_msgs' build argument 'catkin_skip_building_tests' from command line to 'False'
[0.617s] DEBUG:colcon.colcon_core.verb:Building package 'px4_msgs' with the following arguments: {'ament_cmake_args': None, 'build_base': '/src/shared/ros_packages/build/px4_msgs', 'catkin_cmake_args': None, 'catkin_skip_building_tests': False, 'cmake_args': None, 'cmake_clean_cache': False, 'cmake_clean_first': False, 'cmake_force_configure': False, 'cmake_target': None, 'cmake_target_skip_unavailable': False, 'install_base': '/src/shared/ros_packages/install/px4_msgs', 'merge_install': False, 'path': '/src/shared/ros_packages/px4_msgs', 'symlink_install': True, 'test_result_base': None}
[0.618s] Level 5:colcon.colcon_core.verb:set package 'px4_ros_com' build argument 'cmake_args' from command line to 'None'
[0.618s] Level 5:colcon.colcon_core.verb:set package 'px4_ros_com' build argument 'cmake_target' from command line to 'None'
[0.618s] Level 5:colcon.colcon_core.verb:set package 'px4_ros_com' build argument 'cmake_target_skip_unavailable' from command line to 'False'
[0.618s] Level 5:colcon.colcon_core.verb:set package 'px4_ros_com' build argument 'cmake_clean_cache' from command line to 'False'
[0.618s] Level 5:colcon.colcon_core.verb:set package 'px4_ros_com' build argument 'cmake_clean_first' from command line to 'False'
[0.618s] Level 5:colcon.colcon_core.verb:set package 'px4_ros_com' build argument 'cmake_force_configure' from command line to 'False'
[0.618s] Level 5:colcon.colcon_core.verb:set package 'px4_ros_com' build argument 'ament_cmake_args' from command line to 'None'
[0.618s] Level 5:colcon.colcon_core.verb:set package 'px4_ros_com' build argument 'catkin_cmake_args' from command line to 'None'
[0.618s] Level 5:colcon.colcon_core.verb:set package 'px4_ros_com' build argument 'catkin_skip_building_tests' from command line to 'False'
[0.618s] DEBUG:colcon.colcon_core.verb:Building package 'px4_ros_com' with the following arguments: {'ament_cmake_args': None, 'build_base': '/src/shared/ros_packages/build/px4_ros_com', 'catkin_cmake_args': None, 'catkin_skip_building_tests': False, 'cmake_args': None, 'cmake_clean_cache': False, 'cmake_clean_first': False, 'cmake_force_configure': False, 'cmake_target': None, 'cmake_target_skip_unavailable': False, 'install_base': '/src/shared/ros_packages/install/px4_ros_com', 'merge_install': False, 'path': '/src/shared/ros_packages/px4_ros_com', 'symlink_install': True, 'test_result_base': None}
[0.619s] Level 5:colcon.colcon_core.verb:set package 'px4_ros_extended' build argument 'cmake_args' from command line to 'None'
[0.619s] Level 5:colcon.colcon_core.verb:set package 'px4_ros_extended' build argument 'cmake_target' from command line to 'None'
[0.619s] Level 5:colcon.colcon_core.verb:set package 'px4_ros_extended' build argument 'cmake_target_skip_unavailable' from command line to 'False'
[0.619s] Level 5:colcon.colcon_core.verb:set package 'px4_ros_extended' build argument 'cmake_clean_cache' from command line to 'False'
[0.619s] Level 5:colcon.colcon_core.verb:set package 'px4_ros_extended' build argument 'cmake_clean_first' from command line to 'False'
[0.619s] Level 5:colcon.colcon_core.verb:set package 'px4_ros_extended' build argument 'cmake_force_configure' from command line to 'False'
[0.619s] Level 5:colcon.colcon_core.verb:set package 'px4_ros_extended' build argument 'ament_cmake_args' from command line to 'None'
[0.619s] Level 5:colcon.colcon_core.verb:set package 'px4_ros_extended' build argument 'catkin_cmake_args' from command line to 'None'
[0.619s] Level 5:colcon.colcon_core.verb:set package 'px4_ros_extended' build argument 'catkin_skip_building_tests' from command line to 'False'
[0.619s] DEBUG:colcon.colcon_core.verb:Building package 'px4_ros_extended' with the following arguments: {'ament_cmake_args': None, 'build_base': '/src/shared/ros_packages/build/px4_ros_extended', 'catkin_cmake_args': None, 'catkin_skip_building_tests': False, 'cmake_args': None, 'cmake_clean_cache': False, 'cmake_clean_first': False, 'cmake_force_configure': False, 'cmake_target': None, 'cmake_target_skip_unavailable': False, 'install_base': '/src/shared/ros_packages/install/px4_ros_extended', 'merge_install': False, 'path': '/src/shared/ros_packages/px4_ros_extended', 'symlink_install': True, 'test_result_base': None}
[0.619s] INFO:colcon.colcon_core.executor:Executing jobs using 'parallel' executor
[0.620s] DEBUG:colcon.colcon_parallel_executor.executor.parallel:run_until_complete
[0.620s] INFO:colcon.colcon_ros.task.ament_cmake.build:Building ROS package in '/src/shared/ros_packages/px4_msgs' with build type 'ament_cmake'
[0.621s] INFO:colcon.colcon_cmake.task.cmake.build:Building CMake package in '/src/shared/ros_packages/px4_msgs'
[0.623s] INFO:colcon.colcon_core.plugin_system:Skipping extension 'colcon_core.shell.bat': Not used on non-Windows systems
[0.623s] INFO:colcon.colcon_core.shell:Skip shell extension 'powershell' for command environment: Not usable outside of PowerShell
[0.623s] DEBUG:colcon.colcon_core.shell:Skip shell extension 'dsv' for command environment
[0.635s] DEBUG:colcon.colcon_core.event_handler.log_command:Invoking command in '/src/shared/ros_packages/build/px4_msgs': CMAKE_PREFIX_PATH=${CMAKE_PREFIX_PATH}:/opt/ros/dashing /usr/bin/cmake /src/shared/ros_packages/px4_msgs -DAMENT_CMAKE_SYMLINK_INSTALL=1 -DCMAKE_INSTALL_PREFIX=/src/shared/ros_packages/install/px4_msgs
[8.331s] DEBUG:colcon.colcon_core.event_handler.log_command:Invoked command in '/src/shared/ros_packages/build/px4_msgs' returned '0': CMAKE_PREFIX_PATH=${CMAKE_PREFIX_PATH}:/opt/ros/dashing /usr/bin/cmake /src/shared/ros_packages/px4_msgs -DAMENT_CMAKE_SYMLINK_INSTALL=1 -DCMAKE_INSTALL_PREFIX=/src/shared/ros_packages/install/px4_msgs
[8.335s] DEBUG:colcon.colcon_core.event_handler.log_command:Invoking command in '/src/shared/ros_packages/build/px4_msgs': CMAKE_PREFIX_PATH=${CMAKE_PREFIX_PATH}:/opt/ros/dashing /usr/bin/cmake --build /src/shared/ros_packages/build/px4_msgs -- -j12 -l12
[14.256s] DEBUG:colcon.colcon_core.event_handler.log_command:Invoked command in '/src/shared/ros_packages/build/px4_msgs' returned '0': CMAKE_PREFIX_PATH=${CMAKE_PREFIX_PATH}:/opt/ros/dashing /usr/bin/cmake --build /src/shared/ros_packages/build/px4_msgs -- -j12 -l12
[20.968s] DEBUG:colcon.colcon_core.event_handler.log_command:Invoking command in '/src/shared/ros_packages/build/px4_msgs': CMAKE_PREFIX_PATH=${CMAKE_PREFIX_PATH}:/opt/ros/dashing /usr/bin/cmake --build /src/shared/ros_packages/build/px4_msgs --target install -- -j12 -l12
[55.521s] Level 1:colcon.colcon_core.environment:create_environment_scripts_only(px4_msgs)
[55.521s] DEBUG:colcon.colcon_core.event_handler.log_command:Invoked command in '/src/shared/ros_packages/build/px4_msgs' returned '0': CMAKE_PREFIX_PATH=${CMAKE_PREFIX_PATH}:/opt/ros/dashing /usr/bin/cmake --build /src/shared/ros_packages/build/px4_msgs --target install -- -j12 -l12
[55.525s] Level 1:colcon.colcon_core.environment:checking '/src/shared/ros_packages/install/px4_msgs' for CMake module files
[55.525s] Level 1:colcon.colcon_core.environment:checking '/src/shared/ros_packages/install/px4_msgs' for CMake config files
[55.528s] Level 1:colcon.colcon_core.shell:create_environment_hook('px4_msgs', 'cmake_prefix_path')
[55.529s] INFO:colcon.colcon_core.shell:Creating environment hook '/src/shared/ros_packages/install/px4_msgs/share/px4_msgs/hook/cmake_prefix_path.ps1'
[55.529s] INFO:colcon.colcon_core.shell:Creating environment descriptor '/src/shared/ros_packages/install/px4_msgs/share/px4_msgs/hook/cmake_prefix_path.dsv'
[55.531s] INFO:colcon.colcon_core.shell:Creating environment hook '/src/shared/ros_packages/install/px4_msgs/share/px4_msgs/hook/cmake_prefix_path.sh'
[55.532s] Level 1:colcon.colcon_core.environment:checking '/src/shared/ros_packages/install/px4_msgs/lib'
[55.532s] Level 1:colcon.colcon_core.shell:create_environment_hook('px4_msgs', 'ld_library_path_lib')
[55.533s] INFO:colcon.colcon_core.shell:Creating environment hook '/src/shared/ros_packages/install/px4_msgs/share/px4_msgs/hook/ld_library_path_lib.ps1'
[55.533s] INFO:colcon.colcon_core.shell:Creating environment descriptor '/src/shared/ros_packages/install/px4_msgs/share/px4_msgs/hook/ld_library_path_lib.dsv'
[55.533s] INFO:colcon.colcon_core.shell:Creating environment hook '/src/shared/ros_packages/install/px4_msgs/share/px4_msgs/hook/ld_library_path_lib.sh'
[55.534s] Level 1:colcon.colcon_core.environment:checking '/src/shared/ros_packages/install/px4_msgs/bin'
[55.534s] Level 1:colcon.colcon_core.environment:checking '/src/shared/ros_packages/install/px4_msgs/lib/pkgconfig/px4_msgs.pc'
[55.534s] Level 1:colcon.colcon_core.environment:checking '/src/shared/ros_packages/install/px4_msgs/lib/python3.6/site-packages'
[55.534s] Level 1:colcon.colcon_core.shell:create_environment_hook('px4_msgs', 'pythonpath')
[55.534s] INFO:colcon.colcon_core.shell:Creating environment hook '/src/shared/ros_packages/install/px4_msgs/share/px4_msgs/hook/pythonpath.ps1'
[55.535s] INFO:colcon.colcon_core.shell:Creating environment descriptor '/src/shared/ros_packages/install/px4_msgs/share/px4_msgs/hook/pythonpath.dsv'
[55.535s] INFO:colcon.colcon_core.shell:Creating environment hook '/src/shared/ros_packages/install/px4_msgs/share/px4_msgs/hook/pythonpath.sh'
[55.535s] Level 1:colcon.colcon_core.environment:checking '/src/shared/ros_packages/install/px4_msgs/bin'
[55.536s] INFO:colcon.colcon_core.shell:Creating package script '/src/shared/ros_packages/install/px4_msgs/share/px4_msgs/package.ps1'
[55.537s] INFO:colcon.colcon_core.shell:Creating package descriptor '/src/shared/ros_packages/install/px4_msgs/share/px4_msgs/package.dsv'
[55.538s] INFO:colcon.colcon_core.shell:Creating package script '/src/shared/ros_packages/install/px4_msgs/share/px4_msgs/package.sh'
[55.539s] INFO:colcon.colcon_core.shell:Creating package script '/src/shared/ros_packages/install/px4_msgs/share/px4_msgs/package.bash'
[55.539s] INFO:colcon.colcon_core.shell:Creating package script '/src/shared/ros_packages/install/px4_msgs/share/px4_msgs/package.zsh'
[55.540s] Level 1:colcon.colcon_core.environment:create_file_with_runtime_dependencies(/src/shared/ros_packages/install/px4_msgs/share/colcon-core/packages/px4_msgs)
[61.691s] Level 1:colcon.colcon_core.environment:create_environment_scripts_only(px4_msgs)
[61.692s] Level 1:colcon.colcon_core.environment:checking '/src/shared/ros_packages/install/px4_msgs' for CMake module files
[61.692s] Level 1:colcon.colcon_core.environment:checking '/src/shared/ros_packages/install/px4_msgs' for CMake config files
[61.695s] Level 1:colcon.colcon_core.shell:create_environment_hook('px4_msgs', 'cmake_prefix_path')
[61.696s] INFO:colcon.colcon_core.shell:Creating environment hook '/src/shared/ros_packages/install/px4_msgs/share/px4_msgs/hook/cmake_prefix_path.ps1'
[61.696s] INFO:colcon.colcon_core.shell:Creating environment descriptor '/src/shared/ros_packages/install/px4_msgs/share/px4_msgs/hook/cmake_prefix_path.dsv'
[61.697s] INFO:colcon.colcon_core.shell:Creating environment hook '/src/shared/ros_packages/install/px4_msgs/share/px4_msgs/hook/cmake_prefix_path.sh'
[61.698s] Level 1:colcon.colcon_core.environment:checking '/src/shared/ros_packages/install/px4_msgs/lib'
[61.698s] Level 1:colcon.colcon_core.shell:create_environment_hook('px4_msgs', 'ld_library_path_lib')
[61.698s] INFO:colcon.colcon_core.shell:Creating environment hook '/src/shared/ros_packages/install/px4_msgs/share/px4_msgs/hook/ld_library_path_lib.ps1'
[61.699s] INFO:colcon.colcon_core.shell:Creating environment descriptor '/src/shared/ros_packages/install/px4_msgs/share/px4_msgs/hook/ld_library_path_lib.dsv'
[61.700s] INFO:colcon.colcon_core.shell:Creating environment hook '/src/shared/ros_packages/install/px4_msgs/share/px4_msgs/hook/ld_library_path_lib.sh'
[61.700s] Level 1:colcon.colcon_core.environment:checking '/src/shared/ros_packages/install/px4_msgs/bin'
[61.700s] Level 1:colcon.colcon_core.environment:checking '/src/shared/ros_packages/install/px4_msgs/lib/pkgconfig/px4_msgs.pc'
[61.700s] Level 1:colcon.colcon_core.environment:checking '/src/shared/ros_packages/install/px4_msgs/lib/python3.6/site-packages'
[61.700s] Level 1:colcon.colcon_core.shell:create_environment_hook('px4_msgs', 'pythonpath')
[61.701s] INFO:colcon.colcon_core.shell:Creating environment hook '/src/shared/ros_packages/install/px4_msgs/share/px4_msgs/hook/pythonpath.ps1'
[61.701s] INFO:colcon.colcon_core.shell:Creating environment descriptor '/src/shared/ros_packages/install/px4_msgs/share/px4_msgs/hook/pythonpath.dsv'
[61.702s] INFO:colcon.colcon_core.shell:Creating environment hook '/src/shared/ros_packages/install/px4_msgs/share/px4_msgs/hook/pythonpath.sh'
[61.702s] Level 1:colcon.colcon_core.environment:checking '/src/shared/ros_packages/install/px4_msgs/bin'
[61.703s] INFO:colcon.colcon_core.shell:Creating package script '/src/shared/ros_packages/install/px4_msgs/share/px4_msgs/package.ps1'
[61.704s] INFO:colcon.colcon_core.shell:Creating package descriptor '/src/shared/ros_packages/install/px4_msgs/share/px4_msgs/package.dsv'
[61.704s] INFO:colcon.colcon_core.shell:Creating package script '/src/shared/ros_packages/install/px4_msgs/share/px4_msgs/package.sh'
[61.705s] INFO:colcon.colcon_core.shell:Creating package script '/src/shared/ros_packages/install/px4_msgs/share/px4_msgs/package.bash'
[61.705s] INFO:colcon.colcon_core.shell:Creating package script '/src/shared/ros_packages/install/px4_msgs/share/px4_msgs/package.zsh'
[61.706s] Level 1:colcon.colcon_core.environment:create_file_with_runtime_dependencies(/src/shared/ros_packages/install/px4_msgs/share/colcon-core/packages/px4_msgs)
[61.707s] INFO:colcon.colcon_ros.task.ament_cmake.build:Building ROS package in '/src/shared/ros_packages/px4_ros_com' with build type 'ament_cmake'
[61.707s] INFO:colcon.colcon_cmake.task.cmake.build:Building CMake package in '/src/shared/ros_packages/px4_ros_com'
[61.707s] INFO:colcon.colcon_core.shell:Skip shell extension 'powershell' for command environment: Not usable outside of PowerShell
[61.707s] DEBUG:colcon.colcon_core.shell:Skip shell extension 'dsv' for command environment
[61.714s] INFO:colcon.colcon_ros.task.ament_cmake.build:Building ROS package in '/src/shared/ros_packages/px4_ros_extended' with build type 'ament_cmake'
[61.714s] INFO:colcon.colcon_cmake.task.cmake.build:Building CMake package in '/src/shared/ros_packages/px4_ros_extended'
[61.715s] INFO:colcon.colcon_core.shell:Skip shell extension 'powershell' for command environment: Not usable outside of PowerShell
[61.715s] DEBUG:colcon.colcon_core.shell:Skip shell extension 'dsv' for command environment
[61.729s] DEBUG:colcon.colcon_core.event_handler.log_command:Invoking command in '/src/shared/ros_packages/build/px4_ros_com': CMAKE_PREFIX_PATH=/src/shared/ros_packages/install/px4_msgs:/src/shared/ros_packages/install/px4_ros_extended:/src/shared/ros_packages/install/px4_ros_com:/opt/ros/dashing LD_LIBRARY_PATH=/src/shared/ros_packages/install/px4_msgs/lib:/src/shared/ros_packages/install/px4_ros_com/lib:/usr/lib/x86_64-linux-gnu/gazebo-9/plugins:/opt/ros/dashing/opt/yaml_cpp_vendor/lib:/opt/ros/dashing/opt/rviz_ogre_vendor/lib:/opt/ros/dashing/lib PYTHONPATH=/src/shared/ros_packages/install/px4_msgs/lib/python3.6/site-packages:/src/shared/ros_packages/install/px4_ros_extended/lib/python3.6/site-packages:/opt/ros/dashing/lib/python3.6/site-packages /usr/bin/cmake /src/shared/ros_packages/px4_ros_com -DAMENT_CMAKE_SYMLINK_INSTALL=1 -DCMAKE_INSTALL_PREFIX=/src/shared/ros_packages/install/px4_ros_com
[61.739s] DEBUG:colcon.colcon_core.event_handler.log_command:Invoking command in '/src/shared/ros_packages/build/px4_ros_extended': CMAKE_PREFIX_PATH=/src/shared/ros_packages/install/px4_msgs:/src/shared/ros_packages/install/px4_ros_extended:/src/shared/ros_packages/install/px4_ros_com:/opt/ros/dashing LD_LIBRARY_PATH=/src/shared/ros_packages/install/px4_msgs/lib:/src/shared/ros_packages/install/px4_ros_com/lib:/usr/lib/x86_64-linux-gnu/gazebo-9/plugins:/opt/ros/dashing/opt/yaml_cpp_vendor/lib:/opt/ros/dashing/opt/rviz_ogre_vendor/lib:/opt/ros/dashing/lib PYTHONPATH=/src/shared/ros_packages/install/px4_msgs/lib/python3.6/site-packages:/src/shared/ros_packages/install/px4_ros_extended/lib/python3.6/site-packages:/opt/ros/dashing/lib/python3.6/site-packages /usr/bin/cmake /src/shared/ros_packages/px4_ros_extended -DAMENT_CMAKE_SYMLINK_INSTALL=1 -DCMAKE_INSTALL_PREFIX=/src/shared/ros_packages/install/px4_ros_extended
[65.454s] DEBUG:colcon.colcon_core.event_handler.log_command:Invoked command in '/src/shared/ros_packages/build/px4_ros_extended' returned '0': CMAKE_PREFIX_PATH=/src/shared/ros_packages/install/px4_msgs:/src/shared/ros_packages/install/px4_ros_extended:/src/shared/ros_packages/install/px4_ros_com:/opt/ros/dashing LD_LIBRARY_PATH=/src/shared/ros_packages/install/px4_msgs/lib:/src/shared/ros_packages/install/px4_ros_com/lib:/usr/lib/x86_64-linux-gnu/gazebo-9/plugins:/opt/ros/dashing/opt/yaml_cpp_vendor/lib:/opt/ros/dashing/opt/rviz_ogre_vendor/lib:/opt/ros/dashing/lib PYTHONPATH=/src/shared/ros_packages/install/px4_msgs/lib/python3.6/site-packages:/src/shared/ros_packages/install/px4_ros_extended/lib/python3.6/site-packages:/opt/ros/dashing/lib/python3.6/site-packages /usr/bin/cmake /src/shared/ros_packages/px4_ros_extended -DAMENT_CMAKE_SYMLINK_INSTALL=1 -DCMAKE_INSTALL_PREFIX=/src/shared/ros_packages/install/px4_ros_extended
[65.458s] DEBUG:colcon.colcon_core.event_handler.log_command:Invoking command in '/src/shared/ros_packages/build/px4_ros_extended': CMAKE_PREFIX_PATH=/src/shared/ros_packages/install/px4_msgs:/src/shared/ros_packages/install/px4_ros_extended:/src/shared/ros_packages/install/px4_ros_com:/opt/ros/dashing LD_LIBRARY_PATH=/src/shared/ros_packages/install/px4_msgs/lib:/src/shared/ros_packages/install/px4_ros_com/lib:/usr/lib/x86_64-linux-gnu/gazebo-9/plugins:/opt/ros/dashing/opt/yaml_cpp_vendor/lib:/opt/ros/dashing/opt/rviz_ogre_vendor/lib:/opt/ros/dashing/lib PYTHONPATH=/src/shared/ros_packages/install/px4_msgs/lib/python3.6/site-packages:/src/shared/ros_packages/install/px4_ros_extended/lib/python3.6/site-packages:/opt/ros/dashing/lib/python3.6/site-packages /usr/bin/cmake --build /src/shared/ros_packages/build/px4_ros_extended -- -j12 -l12
[66.745s] DEBUG:colcon.colcon_core.event_handler.log_command:Invoked command in '/src/shared/ros_packages/build/px4_ros_extended' returned '0': CMAKE_PREFIX_PATH=/src/shared/ros_packages/install/px4_msgs:/src/shared/ros_packages/install/px4_ros_extended:/src/shared/ros_packages/install/px4_ros_com:/opt/ros/dashing LD_LIBRARY_PATH=/src/shared/ros_packages/install/px4_msgs/lib:/src/shared/ros_packages/install/px4_ros_com/lib:/usr/lib/x86_64-linux-gnu/gazebo-9/plugins:/opt/ros/dashing/opt/yaml_cpp_vendor/lib:/opt/ros/dashing/opt/rviz_ogre_vendor/lib:/opt/ros/dashing/lib PYTHONPATH=/src/shared/ros_packages/install/px4_msgs/lib/python3.6/site-packages:/src/shared/ros_packages/install/px4_ros_extended/lib/python3.6/site-packages:/opt/ros/dashing/lib/python3.6/site-packages /usr/bin/cmake --build /src/shared/ros_packages/build/px4_ros_extended -- -j12 -l12
[66.777s] DEBUG:colcon.colcon_core.event_handler.log_command:Invoking command in '/src/shared/ros_packages/build/px4_ros_extended': CMAKE_PREFIX_PATH=/src/shared/ros_packages/install/px4_msgs:/src/shared/ros_packages/install/px4_ros_extended:/src/shared/ros_packages/install/px4_ros_com:/opt/ros/dashing LD_LIBRARY_PATH=/src/shared/ros_packages/install/px4_msgs/lib:/src/shared/ros_packages/install/px4_ros_com/lib:/usr/lib/x86_64-linux-gnu/gazebo-9/plugins:/opt/ros/dashing/opt/yaml_cpp_vendor/lib:/opt/ros/dashing/opt/rviz_ogre_vendor/lib:/opt/ros/dashing/lib PYTHONPATH=/src/shared/ros_packages/install/px4_msgs/lib/python3.6/site-packages:/src/shared/ros_packages/install/px4_ros_extended/lib/python3.6/site-packages:/opt/ros/dashing/lib/python3.6/site-packages /usr/bin/cmake --build /src/shared/ros_packages/build/px4_ros_extended --target install -- -j12 -l12
[67.303s] Level 1:colcon.colcon_core.environment:create_environment_scripts_only(px4_ros_extended)
[67.304s] Level 1:colcon.colcon_core.environment:checking '/src/shared/ros_packages/install/px4_ros_extended' for CMake module files
[67.304s] DEBUG:colcon.colcon_core.event_handler.log_command:Invoked command in '/src/shared/ros_packages/build/px4_ros_extended' returned '0': CMAKE_PREFIX_PATH=/src/shared/ros_packages/install/px4_msgs:/src/shared/ros_packages/install/px4_ros_extended:/src/shared/ros_packages/install/px4_ros_com:/opt/ros/dashing LD_LIBRARY_PATH=/src/shared/ros_packages/install/px4_msgs/lib:/src/shared/ros_packages/install/px4_ros_com/lib:/usr/lib/x86_64-linux-gnu/gazebo-9/plugins:/opt/ros/dashing/opt/yaml_cpp_vendor/lib:/opt/ros/dashing/opt/rviz_ogre_vendor/lib:/opt/ros/dashing/lib PYTHONPATH=/src/shared/ros_packages/install/px4_msgs/lib/python3.6/site-packages:/src/shared/ros_packages/install/px4_ros_extended/lib/python3.6/site-packages:/opt/ros/dashing/lib/python3.6/site-packages /usr/bin/cmake --build /src/shared/ros_packages/build/px4_ros_extended --target install -- -j12 -l12
[67.305s] Level 1:colcon.colcon_core.environment:checking '/src/shared/ros_packages/install/px4_ros_extended' for CMake config files
[67.305s] Level 1:colcon.colcon_core.shell:create_environment_hook('px4_ros_extended', 'cmake_prefix_path')
[67.306s] INFO:colcon.colcon_core.shell:Creating environment hook '/src/shared/ros_packages/install/px4_ros_extended/share/px4_ros_extended/hook/cmake_prefix_path.ps1'
[67.306s] INFO:colcon.colcon_core.shell:Creating environment descriptor '/src/shared/ros_packages/install/px4_ros_extended/share/px4_ros_extended/hook/cmake_prefix_path.dsv'
[67.307s] INFO:colcon.colcon_core.shell:Creating environment hook '/src/shared/ros_packages/install/px4_ros_extended/share/px4_ros_extended/hook/cmake_prefix_path.sh'
[67.307s] Level 1:colcon.colcon_core.environment:checking '/src/shared/ros_packages/install/px4_ros_extended/lib'
[67.307s] Level 1:colcon.colcon_core.environment:checking '/src/shared/ros_packages/install/px4_ros_extended/bin'
[67.308s] Level 1:colcon.colcon_core.environment:checking '/src/shared/ros_packages/install/px4_ros_extended/lib/pkgconfig/px4_ros_extended.pc'
[67.308s] Level 1:colcon.colcon_core.environment:checking '/src/shared/ros_packages/install/px4_ros_extended/lib/python3.6/site-packages'
[67.308s] Level 1:colcon.colcon_core.shell:create_environment_hook('px4_ros_extended', 'pythonpath')
[67.308s] INFO:colcon.colcon_core.shell:Creating environment hook '/src/shared/ros_packages/install/px4_ros_extended/share/px4_ros_extended/hook/pythonpath.ps1'
[67.308s] INFO:colcon.colcon_core.shell:Creating environment descriptor '/src/shared/ros_packages/install/px4_ros_extended/share/px4_ros_extended/hook/pythonpath.dsv'
[67.309s] INFO:colcon.colcon_core.shell:Creating environment hook '/src/shared/ros_packages/install/px4_ros_extended/share/px4_ros_extended/hook/pythonpath.sh'
[67.309s] Level 1:colcon.colcon_core.environment:checking '/src/shared/ros_packages/install/px4_ros_extended/bin'
[67.309s] INFO:colcon.colcon_core.shell:Creating package script '/src/shared/ros_packages/install/px4_ros_extended/share/px4_ros_extended/package.ps1'
[67.310s] INFO:colcon.colcon_core.shell:Creating package descriptor '/src/shared/ros_packages/install/px4_ros_extended/share/px4_ros_extended/package.dsv'
[67.310s] INFO:colcon.colcon_core.shell:Creating package script '/src/shared/ros_packages/install/px4_ros_extended/share/px4_ros_extended/package.sh'
[67.310s] INFO:colcon.colcon_core.shell:Creating package script '/src/shared/ros_packages/install/px4_ros_extended/share/px4_ros_extended/package.bash'
[67.311s] INFO:colcon.colcon_core.shell:Creating package script '/src/shared/ros_packages/install/px4_ros_extended/share/px4_ros_extended/package.zsh'
[67.311s] Level 1:colcon.colcon_core.environment:create_file_with_runtime_dependencies(/src/shared/ros_packages/install/px4_ros_extended/share/colcon-core/packages/px4_ros_extended)
[67.340s] Level 1:colcon.colcon_core.environment:create_environment_scripts_only(px4_ros_extended)
[67.341s] Level 1:colcon.colcon_core.environment:checking '/src/shared/ros_packages/install/px4_ros_extended' for CMake module files
[67.341s] Level 1:colcon.colcon_core.environment:checking '/src/shared/ros_packages/install/px4_ros_extended' for CMake config files
[67.342s] Level 1:colcon.colcon_core.shell:create_environment_hook('px4_ros_extended', 'cmake_prefix_path')
[67.342s] INFO:colcon.colcon_core.shell:Creating environment hook '/src/shared/ros_packages/install/px4_ros_extended/share/px4_ros_extended/hook/cmake_prefix_path.ps1'
[67.342s] INFO:colcon.colcon_core.shell:Creating environment descriptor '/src/shared/ros_packages/install/px4_ros_extended/share/px4_ros_extended/hook/cmake_prefix_path.dsv'
[67.343s] INFO:colcon.colcon_core.shell:Creating environment hook '/src/shared/ros_packages/install/px4_ros_extended/share/px4_ros_extended/hook/cmake_prefix_path.sh'
[67.343s] Level 1:colcon.colcon_core.environment:checking '/src/shared/ros_packages/install/px4_ros_extended/lib'
[67.344s] Level 1:colcon.colcon_core.environment:checking '/src/shared/ros_packages/install/px4_ros_extended/bin'
[67.344s] Level 1:colcon.colcon_core.environment:checking '/src/shared/ros_packages/install/px4_ros_extended/lib/pkgconfig/px4_ros_extended.pc'
[67.344s] Level 1:colcon.colcon_core.environment:checking '/src/shared/ros_packages/install/px4_ros_extended/lib/python3.6/site-packages'
[67.344s] Level 1:colcon.colcon_core.shell:create_environment_hook('px4_ros_extended', 'pythonpath')
[67.344s] INFO:colcon.colcon_core.shell:Creating environment hook '/src/shared/ros_packages/install/px4_ros_extended/share/px4_ros_extended/hook/pythonpath.ps1'
[67.344s] INFO:colcon.colcon_core.shell:Creating environment descriptor '/src/shared/ros_packages/install/px4_ros_extended/share/px4_ros_extended/hook/pythonpath.dsv'
[67.345s] INFO:colcon.colcon_core.shell:Creating environment hook '/src/shared/ros_packages/install/px4_ros_extended/share/px4_ros_extended/hook/pythonpath.sh'
[67.345s] Level 1:colcon.colcon_core.environment:checking '/src/shared/ros_packages/install/px4_ros_extended/bin'
[67.346s] INFO:colcon.colcon_core.shell:Creating package script '/src/shared/ros_packages/install/px4_ros_extended/share/px4_ros_extended/package.ps1'
[67.346s] INFO:colcon.colcon_core.shell:Creating package descriptor '/src/shared/ros_packages/install/px4_ros_extended/share/px4_ros_extended/package.dsv'
[67.347s] INFO:colcon.colcon_core.shell:Creating package script '/src/shared/ros_packages/install/px4_ros_extended/share/px4_ros_extended/package.sh'
[67.347s] INFO:colcon.colcon_core.shell:Creating package script '/src/shared/ros_packages/install/px4_ros_extended/share/px4_ros_extended/package.bash'
[67.347s] INFO:colcon.colcon_core.shell:Creating package script '/src/shared/ros_packages/install/px4_ros_extended/share/px4_ros_extended/package.zsh'
[67.347s] Level 1:colcon.colcon_core.environment:create_file_with_runtime_dependencies(/src/shared/ros_packages/install/px4_ros_extended/share/colcon-core/packages/px4_ros_extended)
[68.446s] DEBUG:colcon.colcon_core.event_handler.log_command:Invoked command in '/src/shared/ros_packages/build/px4_ros_com' returned '0': CMAKE_PREFIX_PATH=/src/shared/ros_packages/install/px4_msgs:/src/shared/ros_packages/install/px4_ros_extended:/src/shared/ros_packages/install/px4_ros_com:/opt/ros/dashing LD_LIBRARY_PATH=/src/shared/ros_packages/install/px4_msgs/lib:/src/shared/ros_packages/install/px4_ros_com/lib:/usr/lib/x86_64-linux-gnu/gazebo-9/plugins:/opt/ros/dashing/opt/yaml_cpp_vendor/lib:/opt/ros/dashing/opt/rviz_ogre_vendor/lib:/opt/ros/dashing/lib PYTHONPATH=/src/shared/ros_packages/install/px4_msgs/lib/python3.6/site-packages:/src/shared/ros_packages/install/px4_ros_extended/lib/python3.6/site-packages:/opt/ros/dashing/lib/python3.6/site-packages /usr/bin/cmake /src/shared/ros_packages/px4_ros_com -DAMENT_CMAKE_SYMLINK_INSTALL=1 -DCMAKE_INSTALL_PREFIX=/src/shared/ros_packages/install/px4_ros_com
[68.449s] DEBUG:colcon.colcon_core.event_handler.log_command:Invoking command in '/src/shared/ros_packages/build/px4_ros_com': CMAKE_PREFIX_PATH=/src/shared/ros_packages/install/px4_msgs:/src/shared/ros_packages/install/px4_ros_extended:/src/shared/ros_packages/install/px4_ros_com:/opt/ros/dashing LD_LIBRARY_PATH=/src/shared/ros_packages/install/px4_msgs/lib:/src/shared/ros_packages/install/px4_ros_com/lib:/usr/lib/x86_64-linux-gnu/gazebo-9/plugins:/opt/ros/dashing/opt/yaml_cpp_vendor/lib:/opt/ros/dashing/opt/rviz_ogre_vendor/lib:/opt/ros/dashing/lib PYTHONPATH=/src/shared/ros_packages/install/px4_msgs/lib/python3.6/site-packages:/src/shared/ros_packages/install/px4_ros_extended/lib/python3.6/site-packages:/opt/ros/dashing/lib/python3.6/site-packages /usr/bin/cmake --build /src/shared/ros_packages/build/px4_ros_com -- -j12 -l12
[70.530s] DEBUG:colcon.colcon_core.event_handler.log_command:Invoked command in '/src/shared/ros_packages/build/px4_ros_com' returned '0': CMAKE_PREFIX_PATH=/src/shared/ros_packages/install/px4_msgs:/src/shared/ros_packages/install/px4_ros_extended:/src/shared/ros_packages/install/px4_ros_com:/opt/ros/dashing LD_LIBRARY_PATH=/src/shared/ros_packages/install/px4_msgs/lib:/src/shared/ros_packages/install/px4_ros_com/lib:/usr/lib/x86_64-linux-gnu/gazebo-9/plugins:/opt/ros/dashing/opt/yaml_cpp_vendor/lib:/opt/ros/dashing/opt/rviz_ogre_vendor/lib:/opt/ros/dashing/lib PYTHONPATH=/src/shared/ros_packages/install/px4_msgs/lib/python3.6/site-packages:/src/shared/ros_packages/install/px4_ros_extended/lib/python3.6/site-packages:/opt/ros/dashing/lib/python3.6/site-packages /usr/bin/cmake --build /src/shared/ros_packages/build/px4_ros_com -- -j12 -l12
[70.814s] DEBUG:colcon.colcon_core.event_handler.log_command:Invoking command in '/src/shared/ros_packages/build/px4_ros_com': CMAKE_PREFIX_PATH=/src/shared/ros_packages/install/px4_msgs:/src/shared/ros_packages/install/px4_ros_extended:/src/shared/ros_packages/install/px4_ros_com:/opt/ros/dashing LD_LIBRARY_PATH=/src/shared/ros_packages/install/px4_msgs/lib:/src/shared/ros_packages/install/px4_ros_com/lib:/usr/lib/x86_64-linux-gnu/gazebo-9/plugins:/opt/ros/dashing/opt/yaml_cpp_vendor/lib:/opt/ros/dashing/opt/rviz_ogre_vendor/lib:/opt/ros/dashing/lib PYTHONPATH=/src/shared/ros_packages/install/px4_msgs/lib/python3.6/site-packages:/src/shared/ros_packages/install/px4_ros_extended/lib/python3.6/site-packages:/opt/ros/dashing/lib/python3.6/site-packages /usr/bin/cmake --build /src/shared/ros_packages/build/px4_ros_com --target install -- -j12 -l12
[71.353s] Level 1:colcon.colcon_core.environment:create_environment_scripts_only(px4_ros_com)
[71.353s] Level 1:colcon.colcon_core.environment:checking '/src/shared/ros_packages/install/px4_ros_com' for CMake module files
[71.354s] DEBUG:colcon.colcon_core.event_handler.log_command:Invoked command in '/src/shared/ros_packages/build/px4_ros_com' returned '0': CMAKE_PREFIX_PATH=/src/shared/ros_packages/install/px4_msgs:/src/shared/ros_packages/install/px4_ros_extended:/src/shared/ros_packages/install/px4_ros_com:/opt/ros/dashing LD_LIBRARY_PATH=/src/shared/ros_packages/install/px4_msgs/lib:/src/shared/ros_packages/install/px4_ros_com/lib:/usr/lib/x86_64-linux-gnu/gazebo-9/plugins:/opt/ros/dashing/opt/yaml_cpp_vendor/lib:/opt/ros/dashing/opt/rviz_ogre_vendor/lib:/opt/ros/dashing/lib PYTHONPATH=/src/shared/ros_packages/install/px4_msgs/lib/python3.6/site-packages:/src/shared/ros_packages/install/px4_ros_extended/lib/python3.6/site-packages:/opt/ros/dashing/lib/python3.6/site-packages /usr/bin/cmake --build /src/shared/ros_packages/build/px4_ros_com --target install -- -j12 -l12
[71.355s] Level 1:colcon.colcon_core.environment:checking '/src/shared/ros_packages/install/px4_ros_com' for CMake config files
[71.355s] Level 1:colcon.colcon_core.shell:create_environment_hook('px4_ros_com', 'cmake_prefix_path')
[71.355s] INFO:colcon.colcon_core.shell:Creating environment hook '/src/shared/ros_packages/install/px4_ros_com/share/px4_ros_com/hook/cmake_prefix_path.ps1'
[71.356s] INFO:colcon.colcon_core.shell:Creating environment descriptor '/src/shared/ros_packages/install/px4_ros_com/share/px4_ros_com/hook/cmake_prefix_path.dsv'
[71.356s] INFO:colcon.colcon_core.shell:Creating environment hook '/src/shared/ros_packages/install/px4_ros_com/share/px4_ros_com/hook/cmake_prefix_path.sh'
[71.357s] Level 1:colcon.colcon_core.environment:checking '/src/shared/ros_packages/install/px4_ros_com/lib'
[71.357s] Level 1:colcon.colcon_core.shell:create_environment_hook('px4_ros_com', 'ld_library_path_lib')
[71.357s] INFO:colcon.colcon_core.shell:Creating environment hook '/src/shared/ros_packages/install/px4_ros_com/share/px4_ros_com/hook/ld_library_path_lib.ps1'
[71.358s] INFO:colcon.colcon_core.shell:Creating environment descriptor '/src/shared/ros_packages/install/px4_ros_com/share/px4_ros_com/hook/ld_library_path_lib.dsv'
[71.358s] INFO:colcon.colcon_core.shell:Creating environment hook '/src/shared/ros_packages/install/px4_ros_com/share/px4_ros_com/hook/ld_library_path_lib.sh'
[71.358s] Level 1:colcon.colcon_core.environment:checking '/src/shared/ros_packages/install/px4_ros_com/bin'
[71.358s] Level 1:colcon.colcon_core.shell:create_environment_hook('px4_ros_com', 'path')
[71.359s] INFO:colcon.colcon_core.shell:Creating environment hook '/src/shared/ros_packages/install/px4_ros_com/share/px4_ros_com/hook/path.ps1'
[71.359s] INFO:colcon.colcon_core.shell:Creating environment descriptor '/src/shared/ros_packages/install/px4_ros_com/share/px4_ros_com/hook/path.dsv'
[71.359s] INFO:colcon.colcon_core.shell:Creating environment hook '/src/shared/ros_packages/install/px4_ros_com/share/px4_ros_com/hook/path.sh'
[71.360s] Level 1:colcon.colcon_core.environment:checking '/src/shared/ros_packages/install/px4_ros_com/lib/pkgconfig/px4_ros_com.pc'
[71.360s] Level 1:colcon.colcon_core.environment:checking '/src/shared/ros_packages/install/px4_ros_com/lib/python3.6/site-packages'
[71.360s] Level 1:colcon.colcon_core.environment:checking '/src/shared/ros_packages/install/px4_ros_com/bin'
[71.360s] Level 1:colcon.colcon_core.shell:create_environment_hook('px4_ros_com', 'pythonscriptspath')
[71.360s] INFO:colcon.colcon_core.shell:Creating environment hook '/src/shared/ros_packages/install/px4_ros_com/share/px4_ros_com/hook/pythonscriptspath.ps1'
[71.361s] INFO:colcon.colcon_core.shell:Creating environment descriptor '/src/shared/ros_packages/install/px4_ros_com/share/px4_ros_com/hook/pythonscriptspath.dsv'
[71.361s] INFO:colcon.colcon_core.shell:Creating environment hook '/src/shared/ros_packages/install/px4_ros_com/share/px4_ros_com/hook/pythonscriptspath.sh'
[71.362s] INFO:colcon.colcon_core.shell:Creating package script '/src/shared/ros_packages/install/px4_ros_com/share/px4_ros_com/package.ps1'
[71.362s] INFO:colcon.colcon_core.shell:Creating package descriptor '/src/shared/ros_packages/install/px4_ros_com/share/px4_ros_com/package.dsv'
[71.363s] INFO:colcon.colcon_core.shell:Creating package script '/src/shared/ros_packages/install/px4_ros_com/share/px4_ros_com/package.sh'
[71.363s] INFO:colcon.colcon_core.shell:Creating package script '/src/shared/ros_packages/install/px4_ros_com/share/px4_ros_com/package.bash'
[71.363s] INFO:colcon.colcon_core.shell:Creating package script '/src/shared/ros_packages/install/px4_ros_com/share/px4_ros_com/package.zsh'
[71.364s] Level 1:colcon.colcon_core.environment:create_file_with_runtime_dependencies(/src/shared/ros_packages/install/px4_ros_com/share/colcon-core/packages/px4_ros_com)
[71.653s] Level 1:colcon.colcon_core.environment:create_environment_scripts_only(px4_ros_com)
[71.654s] Level 1:colcon.colcon_core.environment:checking '/src/shared/ros_packages/install/px4_ros_com' for CMake module files
[71.655s] Level 1:colcon.colcon_core.environment:checking '/src/shared/ros_packages/install/px4_ros_com' for CMake config files
[71.655s] Level 1:colcon.colcon_core.shell:create_environment_hook('px4_ros_com', 'cmake_prefix_path')
[71.655s] INFO:colcon.colcon_core.shell:Creating environment hook '/src/shared/ros_packages/install/px4_ros_com/share/px4_ros_com/hook/cmake_prefix_path.ps1'
[71.656s] INFO:colcon.colcon_core.shell:Creating environment descriptor '/src/shared/ros_packages/install/px4_ros_com/share/px4_ros_com/hook/cmake_prefix_path.dsv'
[71.656s] INFO:colcon.colcon_core.shell:Creating environment hook '/src/shared/ros_packages/install/px4_ros_com/share/px4_ros_com/hook/cmake_prefix_path.sh'
[71.657s] Level 1:colcon.colcon_core.environment:checking '/src/shared/ros_packages/install/px4_ros_com/lib'
[71.657s] Level 1:colcon.colcon_core.shell:create_environment_hook('px4_ros_com', 'ld_library_path_lib')
[71.658s] INFO:colcon.colcon_core.shell:Creating environment hook '/src/shared/ros_packages/install/px4_ros_com/share/px4_ros_com/hook/ld_library_path_lib.ps1'
[71.658s] INFO:colcon.colcon_core.shell:Creating environment descriptor '/src/shared/ros_packages/install/px4_ros_com/share/px4_ros_com/hook/ld_library_path_lib.dsv'
[71.658s] INFO:colcon.colcon_core.shell:Creating environment hook '/src/shared/ros_packages/install/px4_ros_com/share/px4_ros_com/hook/ld_library_path_lib.sh'
[71.659s] Level 1:colcon.colcon_core.environment:checking '/src/shared/ros_packages/install/px4_ros_com/bin'
[71.659s] Level 1:colcon.colcon_core.shell:create_environment_hook('px4_ros_com', 'path')
[71.659s] INFO:colcon.colcon_core.shell:Creating environment hook '/src/shared/ros_packages/install/px4_ros_com/share/px4_ros_com/hook/path.ps1'
[71.659s] INFO:colcon.colcon_core.shell:Creating environment descriptor '/src/shared/ros_packages/install/px4_ros_com/share/px4_ros_com/hook/path.dsv'
[71.660s] INFO:colcon.colcon_core.shell:Creating environment hook '/src/shared/ros_packages/install/px4_ros_com/share/px4_ros_com/hook/path.sh'
[71.660s] Level 1:colcon.colcon_core.environment:checking '/src/shared/ros_packages/install/px4_ros_com/lib/pkgconfig/px4_ros_com.pc'
[71.660s] Level 1:colcon.colcon_core.environment:checking '/src/shared/ros_packages/install/px4_ros_com/lib/python3.6/site-packages'
[71.661s] Level 1:colcon.colcon_core.environment:checking '/src/shared/ros_packages/install/px4_ros_com/bin'
[71.661s] Level 1:colcon.colcon_core.shell:create_environment_hook('px4_ros_com', 'pythonscriptspath')
[71.661s] INFO:colcon.colcon_core.shell:Creating environment hook '/src/shared/ros_packages/install/px4_ros_com/share/px4_ros_com/hook/pythonscriptspath.ps1'
[71.662s] INFO:colcon.colcon_core.shell:Creating environment descriptor '/src/shared/ros_packages/install/px4_ros_com/share/px4_ros_com/hook/pythonscriptspath.dsv'
[71.662s] INFO:colcon.colcon_core.shell:Creating environment hook '/src/shared/ros_packages/install/px4_ros_com/share/px4_ros_com/hook/pythonscriptspath.sh'
[71.663s] INFO:colcon.colcon_core.shell:Creating package script '/src/shared/ros_packages/install/px4_ros_com/share/px4_ros_com/package.ps1'
[71.663s] INFO:colcon.colcon_core.shell:Creating package descriptor '/src/shared/ros_packages/install/px4_ros_com/share/px4_ros_com/package.dsv'
[71.664s] INFO:colcon.colcon_core.shell:Creating package script '/src/shared/ros_packages/install/px4_ros_com/share/px4_ros_com/package.sh'
[71.665s] INFO:colcon.colcon_core.shell:Creating package script '/src/shared/ros_packages/install/px4_ros_com/share/px4_ros_com/package.bash'
[71.665s] INFO:colcon.colcon_core.shell:Creating package script '/src/shared/ros_packages/install/px4_ros_com/share/px4_ros_com/package.zsh'
[71.666s] Level 1:colcon.colcon_core.environment:create_file_with_runtime_dependencies(/src/shared/ros_packages/install/px4_ros_com/share/colcon-core/packages/px4_ros_com)
[71.666s] DEBUG:colcon.colcon_parallel_executor.executor.parallel:closing loop
[71.667s] DEBUG:colcon.colcon_parallel_executor.executor.parallel:loop closed
[71.668s] DEBUG:colcon.colcon_parallel_executor.executor.parallel:run_until_complete finished with '0'
[71.668s] DEBUG:colcon.colcon_core.event_reactor:joining thread
[71.675s] INFO:colcon.colcon_core.plugin_system:Skipping extension 'colcon_notification.desktop_notification.notify_send': Could not find 'notify-send'
[71.675s] INFO:colcon.colcon_core.plugin_system:Skipping extension 'colcon_notification.desktop_notification.terminal_notifier': Not used on non-Darwin systems
[71.675s] INFO:colcon.colcon_core.plugin_system:Skipping extension 'colcon_notification.desktop_notification.win32': Not used on non-Windows systems
[71.675s] INFO:colcon.colcon_notification.desktop_notification:Sending desktop notification using 'notify2'
[71.675s] DEBUG:colcon.colcon_notification.desktop_notification.notify2:Failed to initialize notify2: org.freedesktop.DBus.Error.InvalidFileContent: D-Bus library appears to be incorrectly set up: see the manual page for dbus-uuidgen to correct this issue. (Failed to open "/var/lib/dbus/machine-id": No such file or directory; UUID file '/etc/machine-id' should contain a hex string of length 32, not length 0, with no other text)
[71.675s] DEBUG:colcon.colcon_core.event_reactor:joined thread
[71.676s] INFO:colcon.colcon_core.shell:Creating prefix script '/src/shared/ros_packages/install/local_setup.ps1'
[71.677s] INFO:colcon.colcon_core.shell:Creating prefix util module '/src/shared/ros_packages/install/_local_setup_util_ps1.py'
[71.679s] INFO:colcon.colcon_core.shell:Creating prefix chain script '/src/shared/ros_packages/install/setup.ps1'
[71.681s] INFO:colcon.colcon_core.shell:Creating prefix script '/src/shared/ros_packages/install/local_setup.sh'
[71.681s] INFO:colcon.colcon_core.shell:Creating prefix util module '/src/shared/ros_packages/install/_local_setup_util_sh.py'
[71.682s] INFO:colcon.colcon_core.shell:Creating prefix chain script '/src/shared/ros_packages/install/setup.sh'
[71.683s] INFO:colcon.colcon_core.shell:Creating prefix script '/src/shared/ros_packages/install/local_setup.bash'
[71.684s] INFO:colcon.colcon_core.shell:Creating prefix chain script '/src/shared/ros_packages/install/setup.bash'
[71.686s] INFO:colcon.colcon_core.shell:Creating prefix script '/src/shared/ros_packages/install/local_setup.zsh'
[71.686s] INFO:colcon.colcon_core.shell:Creating prefix chain script '/src/shared/ros_packages/install/setup.zsh'
